{"/home/travis/build/npmtest/node-npmtest-convert-units/test.js":{"path":"/home/travis/build/npmtest/node-npmtest-convert-units/test.js","s":{"1":2,"2":2,"3":2,"4":2,"5":2,"6":2,"7":2,"8":1,"9":2,"10":2,"11":1,"12":1,"13":1,"14":1,"15":2,"16":2,"17":2,"18":2,"19":1,"20":1,"21":2,"22":2,"23":2,"24":1,"25":1,"26":1,"27":1,"28":1,"29":1,"30":1,"31":1,"32":1,"33":1,"34":1,"35":1,"36":1,"37":1,"38":1,"39":2,"40":2,"41":1,"42":2,"43":2,"44":1,"45":2,"46":2,"47":1,"48":2,"49":2,"50":1,"51":1,"52":1,"53":1,"54":1},"b":{"1":[2,1,1,1],"2":[1,1,1,1],"3":[1,1],"4":[1,1],"5":[1,1],"6":[1,1],"7":[1,1],"8":[1,1],"9":[1,1],"10":[1,1,1],"11":[1,1],"12":[1,1],"13":[1,1],"14":[1,1],"15":[1,1],"16":[1,1],"17":[1,1]},"f":{"1":2,"2":2,"3":2,"4":2,"5":2,"6":1,"7":1,"8":1,"9":2,"10":2,"11":2,"12":2,"13":1},"fnMap":{"1":{"name":"(anonymous_1)","line":12,"loc":{"start":{"line":12,"column":1},"end":{"line":12,"column":13}}},"2":{"name":"(anonymous_2)","line":19,"loc":{"start":{"line":19,"column":5},"end":{"line":19,"column":17}}},"3":{"name":"(anonymous_3)","line":23,"loc":{"start":{"line":23,"column":24},"end":{"line":23,"column":36}}},"4":{"name":"(anonymous_4)","line":61,"loc":{"start":{"line":61,"column":5},"end":{"line":61,"column":17}}},"5":{"name":"(anonymous_5)","line":82,"loc":{"start":{"line":82,"column":5},"end":{"line":82,"column":17}}},"6":{"name":"(anonymous_6)","line":91,"loc":{"start":{"line":91,"column":77},"end":{"line":94,"column":10}}},"7":{"name":"(anonymous_7)","line":112,"loc":{"start":{"line":112,"column":83},"end":{"line":115,"column":10}},"skip":true},"8":{"name":"(anonymous_8)","line":123,"loc":{"start":{"line":123,"column":77},"end":{"line":126,"column":10}},"skip":true},"9":{"name":"(anonymous_9)","line":139,"loc":{"start":{"line":139,"column":12},"end":{"line":139,"column":40}},"skip":true},"10":{"name":"(anonymous_10)","line":147,"loc":{"start":{"line":147,"column":77},"end":{"line":150,"column":10}},"skip":true},"11":{"name":"(anonymous_11)","line":158,"loc":{"start":{"line":158,"column":83},"end":{"line":161,"column":10}},"skip":true},"12":{"name":"(anonymous_12)","line":169,"loc":{"start":{"line":169,"column":79},"end":{"line":172,"column":10}},"skip":true},"13":{"name":"(anonymous_13)","line":180,"loc":{"start":{"line":180,"column":75},"end":{"line":183,"column":10}},"skip":true}},"statementMap":{"1":{"start":{"line":12,"column":0},"end":{"line":195,"column":5}},"2":{"start":{"line":14,"column":4},"end":{"line":14,"column":14}},"3":{"start":{"line":19,"column":4},"end":{"line":56,"column":9}},"4":{"start":{"line":21,"column":8},"end":{"line":21,"column":19}},"5":{"start":{"line":23,"column":8},"end":{"line":35,"column":13}},"6":{"start":{"line":24,"column":12},"end":{"line":34,"column":13}},"7":{"start":{"line":25,"column":16},"end":{"line":28,"column":30}},"8":{"start":{"line":30,"column":16},"end":{"line":33,"column":27}},"9":{"start":{"line":37,"column":8},"end":{"line":39,"column":21}},"10":{"start":{"line":40,"column":8},"end":{"line":53,"column":9}},"11":{"start":{"line":43,"column":12},"end":{"line":46,"column":14}},"12":{"start":{"line":47,"column":12},"end":{"line":47,"column":18}},"13":{"start":{"line":50,"column":12},"end":{"line":51,"column":33}},"14":{"start":{"line":52,"column":12},"end":{"line":52,"column":18}},"15":{"start":{"line":55,"column":8},"end":{"line":55,"column":35}},"16":{"start":{"line":61,"column":4},"end":{"line":63,"column":9}},"17":{"start":{"line":62,"column":8},"end":{"line":62,"column":15}},"18":{"start":{"line":64,"column":4},"end":{"line":77,"column":5}},"19":{"start":{"line":70,"column":8},"end":{"line":70,"column":14}},"20":{"start":{"line":76,"column":8},"end":{"line":76,"column":14}},"21":{"start":{"line":82,"column":4},"end":{"line":84,"column":9}},"22":{"start":{"line":83,"column":8},"end":{"line":83,"column":15}},"23":{"start":{"line":85,"column":4},"end":{"line":194,"column":5}},"24":{"start":{"line":91,"column":8},"end":{"line":99,"column":10}},"25":{"start":{"line":98,"column":12},"end":{"line":98,"column":35}},"26":{"start":{"line":102,"column":8},"end":{"line":104,"column":63}},"27":{"start":{"line":105,"column":8},"end":{"line":105,"column":14}},"28":{"start":{"line":112,"column":8},"end":{"line":121,"column":10},"skip":true},"29":{"start":{"line":119,"column":12},"end":{"line":119,"column":55},"skip":true},"30":{"start":{"line":120,"column":12},"end":{"line":120,"column":48},"skip":true},"31":{"start":{"line":123,"column":8},"end":{"line":136,"column":10},"skip":true},"32":{"start":{"line":130,"column":12},"end":{"line":130,"column":76},"skip":true},"33":{"start":{"line":131,"column":12},"end":{"line":131,"column":73},"skip":true},"34":{"start":{"line":132,"column":12},"end":{"line":132,"column":74},"skip":true},"35":{"start":{"line":133,"column":12},"end":{"line":133,"column":79},"skip":true},"36":{"start":{"line":134,"column":12},"end":{"line":134,"column":25},"skip":true},"37":{"start":{"line":135,"column":12},"end":{"line":135,"column":45},"skip":true},"38":{"start":{"line":138,"column":8},"end":{"line":145,"column":14},"skip":true},"39":{"start":{"line":143,"column":16},"end":{"line":143,"column":29},"skip":true},"40":{"start":{"line":144,"column":16},"end":{"line":144,"column":55},"skip":true},"41":{"start":{"line":147,"column":8},"end":{"line":156,"column":10},"skip":true},"42":{"start":{"line":154,"column":12},"end":{"line":154,"column":25},"skip":true},"43":{"start":{"line":155,"column":12},"end":{"line":155,"column":45},"skip":true},"44":{"start":{"line":158,"column":8},"end":{"line":167,"column":10},"skip":true},"45":{"start":{"line":165,"column":12},"end":{"line":165,"column":25},"skip":true},"46":{"start":{"line":166,"column":12},"end":{"line":166,"column":48},"skip":true},"47":{"start":{"line":169,"column":8},"end":{"line":178,"column":10},"skip":true},"48":{"start":{"line":176,"column":12},"end":{"line":176,"column":25},"skip":true},"49":{"start":{"line":177,"column":12},"end":{"line":177,"column":46},"skip":true},"50":{"start":{"line":180,"column":8},"end":{"line":189,"column":10},"skip":true},"51":{"start":{"line":187,"column":12},"end":{"line":187,"column":94},"skip":true},"52":{"start":{"line":188,"column":12},"end":{"line":188,"column":48},"skip":true},"53":{"start":{"line":192,"column":8},"end":{"line":192,"column":35},"skip":true},"54":{"start":{"line":193,"column":8},"end":{"line":193,"column":14},"skip":true}},"branchMap":{"1":{"line":25,"type":"binary-expr","locations":[{"start":{"line":25,"column":23},"end":{"line":25,"column":62}},{"start":{"line":26,"column":20},"end":{"line":26,"column":70}},{"start":{"line":27,"column":20},"end":{"line":27,"column":71}},{"start":{"line":28,"column":20},"end":{"line":28,"column":29}}]},"2":{"line":30,"type":"binary-expr","locations":[{"start":{"line":30,"column":23},"end":{"line":30,"column":37}},{"start":{"line":31,"column":20},"end":{"line":31,"column":61}},{"start":{"line":32,"column":20},"end":{"line":32,"column":70}},{"start":{"line":33,"column":20},"end":{"line":33,"column":26}}]},"3":{"line":37,"type":"cond-expr","locations":[{"start":{"line":38,"column":14},"end":{"line":38,"column":20}},{"start":{"line":39,"column":14},"end":{"line":39,"column":20}}]},"4":{"line":40,"type":"switch","locations":[{"start":{"line":42,"column":8},"end":{"line":47,"column":18}},{"start":{"line":49,"column":8},"end":{"line":52,"column":18}}]},"5":{"line":44,"type":"binary-expr","locations":[{"start":{"line":44,"column":16},"end":{"line":44,"column":44}},{"start":{"line":44,"column":48},"end":{"line":44,"column":66}}]},"6":{"line":50,"type":"binary-expr","locations":[{"start":{"line":50,"column":21},"end":{"line":50,"column":49}},{"start":{"line":50,"column":53},"end":{"line":50,"column":72}}]},"7":{"line":64,"type":"switch","locations":[{"start":{"line":69,"column":4},"end":{"line":70,"column":14}},{"start":{"line":75,"column":4},"end":{"line":76,"column":14}}]},"8":{"line":85,"type":"switch","locations":[{"start":{"line":90,"column":4},"end":{"line":105,"column":14}},{"start":{"line":111,"column":4},"end":{"line":193,"column":14},"skip":true}]},"9":{"line":91,"type":"binary-expr","locations":[{"start":{"line":91,"column":42},"end":{"line":91,"column":73}},{"start":{"line":91,"column":77},"end":{"line":99,"column":9}}]},"10":{"line":102,"type":"binary-expr","locations":[{"start":{"line":102,"column":18},"end":{"line":102,"column":32}},{"start":{"line":103,"column":12},"end":{"line":103,"column":53}},{"start":{"line":104,"column":12},"end":{"line":104,"column":61}}]},"11":{"line":112,"type":"binary-expr","locations":[{"start":{"line":112,"column":45},"end":{"line":112,"column":79},"skip":true},{"start":{"line":112,"column":83},"end":{"line":121,"column":9},"skip":true}]},"12":{"line":123,"type":"binary-expr","locations":[{"start":{"line":123,"column":42},"end":{"line":123,"column":73},"skip":true},{"start":{"line":123,"column":77},"end":{"line":136,"column":9},"skip":true}]},"13":{"line":138,"type":"binary-expr","locations":[{"start":{"line":138,"column":48},"end":{"line":138,"column":85},"skip":true},{"start":{"line":139,"column":12},"end":{"line":145,"column":13},"skip":true}]},"14":{"line":147,"type":"binary-expr","locations":[{"start":{"line":147,"column":42},"end":{"line":147,"column":73},"skip":true},{"start":{"line":147,"column":77},"end":{"line":156,"column":9},"skip":true}]},"15":{"line":158,"type":"binary-expr","locations":[{"start":{"line":158,"column":45},"end":{"line":158,"column":79},"skip":true},{"start":{"line":158,"column":83},"end":{"line":167,"column":9},"skip":true}]},"16":{"line":169,"type":"binary-expr","locations":[{"start":{"line":169,"column":43},"end":{"line":169,"column":75},"skip":true},{"start":{"line":169,"column":79},"end":{"line":178,"column":9},"skip":true}]},"17":{"line":180,"type":"binary-expr","locations":[{"start":{"line":180,"column":41},"end":{"line":180,"column":71},"skip":true},{"start":{"line":180,"column":75},"end":{"line":189,"column":9},"skip":true}]}},"code":["/* istanbul instrument in package npmtest_convert_units */","/*jslint","    bitwise: true,","    browser: true,","    maxerr: 8,","    maxlen: 96,","    node: true,","    nomen: true,","    regexp: true,","    stupid: true","*/","(function () {","    'use strict';","    var local;","","","","    // run shared js-env code - pre-init","    (function () {","        // init local","        local = {};","        // init modeJs","        local.modeJs = (function () {","            try {","                return typeof navigator.userAgent === 'string' &&","                    typeof document.querySelector('body') === 'object' &&","                    typeof XMLHttpRequest.prototype.open === 'function' &&","                    'browser';","            } catch (errorCaughtBrowser) {","                return module.exports &&","                    typeof process.versions.node === 'string' &&","                    typeof require('http').createServer === 'function' &&","                    'node';","            }","        }());","        // init global","        local.global = local.modeJs === 'browser'","            ? window","            : global;","        switch (local.modeJs) {","        // re-init local from window.local","        case 'browser':","            local = local.global.utility2.objectSetDefault(","                local.global.utility2_rollup || local.global.local,","                local.global.utility2","            );","            break;","        // re-init local from example.js","        case 'node':","            local = (local.global.utility2_rollup || require('utility2'))","                .requireReadme();","            break;","        }","        // export local","        local.global.local = local;","    }());","","","","    // run shared js-env code - function","    (function () {","        return;","    }());","    switch (local.modeJs) {","","","","    // run browser js-env code - function","    case 'browser':","        break;","","","","    // run node js-env code - function","    case 'node':","        break;","    }","","","","    // run shared js-env code - post-init","    (function () {","        return;","    }());","    switch (local.modeJs) {","","","","    // run browser js-env code - post-init","    case 'browser':","        local.testCase_browser_nullCase = local.testCase_browser_nullCase || function (","            options,","            onError","        ) {","        /*","         * this function will test browsers's null-case handling-behavior-behavior","         */","            onError(null, options);","        };","","        // run tests","        local.nop(local.modeTest &&","            document.querySelector('#testRunButton1') &&","            document.querySelector('#testRunButton1').click());","        break;","","","","    // run node js-env code - post-init","    /* istanbul ignore next */","    case 'node':","        local.testCase_buildApidoc_default = local.testCase_buildApidoc_default || function (","            options,","            onError","        ) {","        /*","         * this function will test buildApidoc's default handling-behavior-behavior","         */","            options = { modulePathList: module.paths };","            local.buildApidoc(options, onError);","        };","","        local.testCase_buildApp_default = local.testCase_buildApp_default || function (","            options,","            onError","        ) {","        /*","         * this function will test buildApp's default handling-behavior-behavior","         */","            local.testCase_buildReadme_default(options, local.onErrorThrow);","            local.testCase_buildLib_default(options, local.onErrorThrow);","            local.testCase_buildTest_default(options, local.onErrorThrow);","            local.testCase_buildCustomOrg_default(options, local.onErrorThrow);","            options = [];","            local.buildApp(options, onError);","        };","","        local.testCase_buildCustomOrg_default = local.testCase_buildCustomOrg_default ||","            function (options, onError) {","            /*","             * this function will test buildCustomOrg's default handling-behavior","             */","                options = {};","                local.buildCustomOrg(options, onError);","            };","","        local.testCase_buildLib_default = local.testCase_buildLib_default || function (","            options,","            onError","        ) {","        /*","         * this function will test buildLib's default handling-behavior","         */","            options = {};","            local.buildLib(options, onError);","        };","","        local.testCase_buildReadme_default = local.testCase_buildReadme_default || function (","            options,","            onError","        ) {","        /*","         * this function will test buildReadme's default handling-behavior-behavior","         */","            options = {};","            local.buildReadme(options, onError);","        };","","        local.testCase_buildTest_default = local.testCase_buildTest_default || function (","            options,","            onError","        ) {","        /*","         * this function will test buildTest's default handling-behavior","         */","            options = {};","            local.buildTest(options, onError);","        };","","        local.testCase_webpage_default = local.testCase_webpage_default || function (","            options,","            onError","        ) {","        /*","         * this function will test webpage's default handling-behavior","         */","            options = { modeCoverageMerge: true, url: local.serverLocalHost + '?modeTest=1' };","            local.browserTest(options, onError);","        };","","        // run test-server","        local.testRunServer(local);","        break;","    }","}());",""],"l":{"12":2,"14":2,"19":2,"21":2,"23":2,"24":2,"25":2,"30":1,"37":2,"40":2,"43":1,"47":1,"50":1,"52":1,"55":2,"61":2,"62":2,"64":2,"70":1,"76":1,"82":2,"83":2,"85":2,"91":1,"98":1,"102":1,"105":1,"112":1,"119":1,"120":1,"123":1,"130":1,"131":1,"132":1,"133":1,"134":1,"135":1,"138":1,"143":2,"144":2,"147":1,"154":2,"155":2,"158":1,"165":2,"166":2,"169":1,"176":2,"177":2,"180":1,"187":1,"188":1,"192":1,"193":1}},"/home/travis/build/npmtest/node-npmtest-convert-units/lib.npmtest_convert_units.js":{"path":"/home/travis/build/npmtest/node-npmtest-convert-units/lib.npmtest_convert_units.js","s":{"1":2,"2":2,"3":2,"4":2,"5":2,"6":2,"7":2,"8":1,"9":2,"10":2,"11":2,"12":2,"13":1,"14":1,"15":1,"16":1},"b":{"1":[2,1,1,1],"2":[1,1,1,1],"3":[1,1],"4":[2,2],"5":[1,1]},"f":{"1":2,"2":2,"3":2},"fnMap":{"1":{"name":"(anonymous_1)","line":12,"loc":{"start":{"line":12,"column":1},"end":{"line":12,"column":13}}},"2":{"name":"(anonymous_2)","line":19,"loc":{"start":{"line":19,"column":5},"end":{"line":19,"column":17}}},"3":{"name":"(anonymous_3)","line":23,"loc":{"start":{"line":23,"column":24},"end":{"line":23,"column":36}}}},"statementMap":{"1":{"start":{"line":12,"column":0},"end":{"line":53,"column":5}},"2":{"start":{"line":14,"column":4},"end":{"line":14,"column":14}},"3":{"start":{"line":19,"column":4},"end":{"line":52,"column":9}},"4":{"start":{"line":21,"column":8},"end":{"line":21,"column":19}},"5":{"start":{"line":23,"column":8},"end":{"line":35,"column":13}},"6":{"start":{"line":24,"column":12},"end":{"line":34,"column":13}},"7":{"start":{"line":25,"column":16},"end":{"line":28,"column":30}},"8":{"start":{"line":30,"column":16},"end":{"line":33,"column":27}},"9":{"start":{"line":37,"column":8},"end":{"line":39,"column":21}},"10":{"start":{"line":41,"column":8},"end":{"line":41,"column":54}},"11":{"start":{"line":43,"column":8},"end":{"line":43,"column":58}},"12":{"start":{"line":45,"column":8},"end":{"line":51,"column":9}},"13":{"start":{"line":46,"column":12},"end":{"line":46,"column":64}},"14":{"start":{"line":48,"column":12},"end":{"line":48,"column":35}},"15":{"start":{"line":49,"column":12},"end":{"line":49,"column":49}},"16":{"start":{"line":50,"column":12},"end":{"line":50,"column":43}}},"branchMap":{"1":{"line":25,"type":"binary-expr","locations":[{"start":{"line":25,"column":23},"end":{"line":25,"column":62}},{"start":{"line":26,"column":20},"end":{"line":26,"column":70}},{"start":{"line":27,"column":20},"end":{"line":27,"column":71}},{"start":{"line":28,"column":20},"end":{"line":28,"column":29}}]},"2":{"line":30,"type":"binary-expr","locations":[{"start":{"line":30,"column":23},"end":{"line":30,"column":37}},{"start":{"line":31,"column":20},"end":{"line":31,"column":61}},{"start":{"line":32,"column":20},"end":{"line":32,"column":70}},{"start":{"line":33,"column":20},"end":{"line":33,"column":26}}]},"3":{"line":37,"type":"cond-expr","locations":[{"start":{"line":38,"column":14},"end":{"line":38,"column":20}},{"start":{"line":39,"column":14},"end":{"line":39,"column":20}}]},"4":{"line":41,"type":"binary-expr","locations":[{"start":{"line":41,"column":16},"end":{"line":41,"column":44}},{"start":{"line":41,"column":48},"end":{"line":41,"column":53}}]},"5":{"line":45,"type":"if","locations":[{"start":{"line":45,"column":8},"end":{"line":45,"column":8}},{"start":{"line":45,"column":8},"end":{"line":45,"column":8}}]}},"code":["/* istanbul instrument in package npmtest_convert_units */","/*jslint","    bitwise: true,","    browser: true,","    maxerr: 8,","    maxlen: 96,","    node: true,","    nomen: true,","    regexp: true,","    stupid: true","*/","(function () {","    'use strict';","    var local;","","","","    // run shared js-env code - pre-init","    (function () {","        // init local","        local = {};","        // init modeJs","        local.modeJs = (function () {","            try {","                return typeof navigator.userAgent === 'string' &&","                    typeof document.querySelector('body') === 'object' &&","                    typeof XMLHttpRequest.prototype.open === 'function' &&","                    'browser';","            } catch (errorCaughtBrowser) {","                return module.exports &&","                    typeof process.versions.node === 'string' &&","                    typeof require('http').createServer === 'function' &&","                    'node';","            }","        }());","        // init global","        local.global = local.modeJs === 'browser'","            ? window","            : global;","        // init utility2_rollup","        local = local.global.utility2_rollup || local;","        // init lib","        local.local = local.npmtest_convert_units = local;","        // init exports","        if (local.modeJs === 'browser') {","            local.global.utility2_npmtest_convert_units = local;","        } else {","            module.exports = local;","            module.exports.__dirname = __dirname;","            module.exports.module = module;","        }","    }());","}());",""],"l":{"12":2,"14":2,"19":2,"21":2,"23":2,"24":2,"25":2,"30":1,"37":2,"41":2,"43":2,"45":2,"46":1,"48":1,"49":1,"50":1}},"/home/travis/build/npmtest/node-npmtest-convert-units/example.js":{"path":"/home/travis/build/npmtest/node-npmtest-convert-units/example.js","s":{"1":2,"2":2,"3":2,"4":2,"5":2,"6":2,"7":2,"8":1,"9":2,"10":2,"11":2,"12":2,"13":1,"14":2,"15":2,"16":2,"17":2,"18":2,"19":0,"20":2,"21":1,"22":1,"23":1,"24":1,"25":1,"26":0,"27":0,"28":1,"29":1,"30":2,"31":0,"32":0,"33":0,"34":1,"35":2,"36":2,"37":3,"38":3,"39":3,"40":3,"41":0,"42":3,"43":3,"44":3,"45":1,"46":3,"47":1,"48":1,"49":1,"50":1,"51":1,"52":1,"53":1,"54":1,"55":1,"56":1,"57":0,"58":1,"59":6,"60":6,"61":1,"62":2,"63":0,"64":2,"65":1,"66":1,"67":0,"68":0,"69":0,"70":0,"71":0,"72":0,"73":0,"74":0,"75":0,"76":0,"77":0,"78":0,"79":0,"80":0,"81":0,"82":0,"83":0},"b":{"1":[2,1,1,1],"2":[1,1,1,1],"3":[1,1],"4":[2,2],"5":[1,1],"6":[1,1],"7":[2,0],"8":[2,1,1,1,1,1],"9":[0,2,0],"10":[1,1],"11":[2,1,1],"12":[1,0],"13":[0,2],"14":[2,0,0,0,0,0,0],"15":[0,3],"16":[3,0],"17":[1,1],"18":[0,1],"19":[1,2,0,2],"20":[1,0],"21":[1,1],"22":[0,0],"23":[0,0],"24":[0,0],"25":[0,0],"26":[0,0],"27":[0,0],"28":[0,0]},"f":{"1":2,"2":2,"3":2,"4":2,"5":2,"6":2,"7":3,"8":3,"9":3,"10":1,"11":6,"12":0},"fnMap":{"1":{"name":"(anonymous_1)","line":26,"loc":{"start":{"line":26,"column":1},"end":{"line":26,"column":13}}},"2":{"name":"(anonymous_2)","line":33,"loc":{"start":{"line":33,"column":5},"end":{"line":33,"column":17}}},"3":{"name":"(anonymous_3)","line":37,"loc":{"start":{"line":37,"column":24},"end":{"line":37,"column":36}}},"4":{"name":"(anonymous_4)","line":69,"loc":{"start":{"line":69,"column":31},"end":{"line":69,"column":48}},"skip":true},"5":{"name":"(anonymous_5)","line":78,"loc":{"start":{"line":78,"column":26},"end":{"line":78,"column":45}},"skip":true},"6":{"name":"(anonymous_6)","line":123,"loc":{"start":{"line":123,"column":33},"end":{"line":123,"column":48}},"skip":true},"7":{"name":"(anonymous_7)","line":125,"loc":{"start":{"line":125,"column":27},"end":{"line":125,"column":39}},"skip":true},"8":{"name":"(anonymous_8)","line":133,"loc":{"start":{"line":133,"column":59},"end":{"line":133,"column":74}},"skip":true},"9":{"name":"(anonymous_9)","line":143,"loc":{"start":{"line":143,"column":45},"end":{"line":143,"column":62}},"skip":true},"10":{"name":"(anonymous_10)","line":144,"loc":{"start":{"line":144,"column":73},"end":{"line":144,"column":92}},"skip":true},"11":{"name":"(anonymous_11)","line":272,"loc":{"start":{"line":272,"column":51},"end":{"line":272,"column":77}},"skip":true},"12":{"name":"(anonymous_12)","line":315,"loc":{"start":{"line":315,"column":32},"end":{"line":315,"column":61}},"skip":true}},"statementMap":{"1":{"start":{"line":26,"column":0},"end":{"line":326,"column":5}},"2":{"start":{"line":28,"column":4},"end":{"line":28,"column":14}},"3":{"start":{"line":33,"column":4},"end":{"line":60,"column":9}},"4":{"start":{"line":35,"column":8},"end":{"line":35,"column":19}},"5":{"start":{"line":37,"column":8},"end":{"line":49,"column":13}},"6":{"start":{"line":38,"column":12},"end":{"line":48,"column":13}},"7":{"start":{"line":39,"column":16},"end":{"line":42,"column":30}},"8":{"start":{"line":44,"column":16},"end":{"line":47,"column":27}},"9":{"start":{"line":51,"column":8},"end":{"line":53,"column":21}},"10":{"start":{"line":55,"column":8},"end":{"line":57,"column":45}},"11":{"start":{"line":59,"column":8},"end":{"line":59,"column":35}},"12":{"start":{"line":61,"column":4},"end":{"line":325,"column":5}},"13":{"start":{"line":69,"column":8},"end":{"line":121,"column":10},"skip":true},"14":{"start":{"line":70,"column":12},"end":{"line":88,"column":13},"skip":true},"15":{"start":{"line":76,"column":16},"end":{"line":87,"column":19},"skip":true},"16":{"start":{"line":79,"column":20},"end":{"line":86,"column":21},"skip":true},"17":{"start":{"line":82,"column":24},"end":{"line":82,"column":43},"skip":true},"18":{"start":{"line":83,"column":24},"end":{"line":83,"column":30},"skip":true},"19":{"start":{"line":85,"column":24},"end":{"line":85,"column":49},"skip":true},"20":{"start":{"line":89,"column":12},"end":{"line":107,"column":13},"skip":true},"21":{"start":{"line":92,"column":16},"end":{"line":102,"column":17},"skip":true},"22":{"start":{"line":93,"column":20},"end":{"line":93,"column":86},"skip":true},"23":{"start":{"line":94,"column":20},"end":{"line":95,"column":45},"skip":true},"24":{"start":{"line":96,"column":20},"end":{"line":96,"column":42},"skip":true},"25":{"start":{"line":97,"column":20},"end":{"line":97,"column":48},"skip":true},"26":{"start":{"line":100,"column":20},"end":{"line":100,"column":85},"skip":true},"27":{"start":{"line":101,"column":20},"end":{"line":101,"column":96},"skip":true},"28":{"start":{"line":103,"column":16},"end":{"line":103,"column":22},"skip":true},"29":{"start":{"line":106,"column":16},"end":{"line":106,"column":22},"skip":true},"30":{"start":{"line":108,"column":12},"end":{"line":120,"column":13},"skip":true},"31":{"start":{"line":114,"column":16},"end":{"line":119,"column":17},"skip":true},"32":{"start":{"line":116,"column":20},"end":{"line":116,"column":78},"skip":true},"33":{"start":{"line":118,"column":20},"end":{"line":118,"column":47},"skip":true},"34":{"start":{"line":123,"column":8},"end":{"line":141,"column":11},"skip":true},"35":{"start":{"line":124,"column":12},"end":{"line":124,"column":54},"skip":true},"36":{"start":{"line":125,"column":12},"end":{"line":140,"column":14},"skip":true},"37":{"start":{"line":126,"column":16},"end":{"line":126,"column":28},"skip":true},"38":{"start":{"line":127,"column":16},"end":{"line":127,"column":69},"skip":true},"39":{"start":{"line":128,"column":16},"end":{"line":128,"column":75},"skip":true},"40":{"start":{"line":129,"column":16},"end":{"line":131,"column":17},"skip":true},"41":{"start":{"line":130,"column":20},"end":{"line":130,"column":27},"skip":true},"42":{"start":{"line":133,"column":16},"end":{"line":137,"column":36},"skip":true},"43":{"start":{"line":134,"column":20},"end":{"line":136,"column":55},"skip":true},"44":{"start":{"line":139,"column":16},"end":{"line":139,"column":57},"skip":true},"45":{"start":{"line":143,"column":8},"end":{"line":147,"column":11},"skip":true},"46":{"start":{"line":144,"column":12},"end":{"line":146,"column":15},"skip":true},"47":{"start":{"line":145,"column":16},"end":{"line":145,"column":70},"skip":true},"48":{"start":{"line":149,"column":8},"end":{"line":149,"column":31},"skip":true},"49":{"start":{"line":150,"column":8},"end":{"line":150,"column":14},"skip":true},"50":{"start":{"line":158,"column":8},"end":{"line":158,"column":31},"skip":true},"51":{"start":{"line":160,"column":8},"end":{"line":160,"column":33},"skip":true},"52":{"start":{"line":161,"column":8},"end":{"line":161,"column":37},"skip":true},"53":{"start":{"line":162,"column":8},"end":{"line":162,"column":35},"skip":true},"54":{"start":{"line":164,"column":8},"end":{"line":164,"column":50},"skip":true},"55":{"start":{"line":166,"column":8},"end":{"line":256,"column":2},"skip":true},"56":{"start":{"line":258,"column":8},"end":{"line":286,"column":9},"skip":true},"57":{"start":{"line":259,"column":12},"end":{"line":269,"column":14},"skip":true},"58":{"start":{"line":271,"column":12},"end":{"line":285,"column":19},"skip":true},"59":{"start":{"line":274,"column":20},"end":{"line":274,"column":35},"skip":true},"60":{"start":{"line":275,"column":20},"end":{"line":284,"column":21},"skip":true},"61":{"start":{"line":277,"column":24},"end":{"line":277,"column":64},"skip":true},"62":{"start":{"line":279,"column":24},"end":{"line":279,"column":40},"skip":true},"63":{"start":{"line":281,"column":24},"end":{"line":281,"column":40},"skip":true},"64":{"start":{"line":283,"column":24},"end":{"line":283,"column":39},"skip":true},"65":{"start":{"line":288,"column":8},"end":{"line":290,"column":9},"skip":true},"66":{"start":{"line":289,"column":12},"end":{"line":289,"column":18},"skip":true},"67":{"start":{"line":291,"column":8},"end":{"line":293,"column":54},"skip":true},"68":{"start":{"line":296,"column":8},"end":{"line":301,"column":37},"skip":true},"69":{"start":{"line":303,"column":8},"end":{"line":303,"column":82},"skip":true},"70":{"start":{"line":306,"column":8},"end":{"line":308,"column":9},"skip":true},"71":{"start":{"line":307,"column":12},"end":{"line":307,"column":82},"skip":true},"72":{"start":{"line":310,"column":8},"end":{"line":312,"column":9},"skip":true},"73":{"start":{"line":311,"column":12},"end":{"line":311,"column":18},"skip":true},"74":{"start":{"line":313,"column":8},"end":{"line":313,"column":54},"skip":true},"75":{"start":{"line":314,"column":8},"end":{"line":314,"column":69},"skip":true},"76":{"start":{"line":315,"column":8},"end":{"line":323,"column":36},"skip":true},"77":{"start":{"line":316,"column":12},"end":{"line":316,"column":61},"skip":true},"78":{"start":{"line":317,"column":12},"end":{"line":320,"column":13},"skip":true},"79":{"start":{"line":318,"column":16},"end":{"line":318,"column":75},"skip":true},"80":{"start":{"line":319,"column":16},"end":{"line":319,"column":23},"skip":true},"81":{"start":{"line":321,"column":12},"end":{"line":321,"column":38},"skip":true},"82":{"start":{"line":322,"column":12},"end":{"line":322,"column":27},"skip":true},"83":{"start":{"line":324,"column":8},"end":{"line":324,"column":14},"skip":true}},"branchMap":{"1":{"line":39,"type":"binary-expr","locations":[{"start":{"line":39,"column":23},"end":{"line":39,"column":62}},{"start":{"line":40,"column":20},"end":{"line":40,"column":70}},{"start":{"line":41,"column":20},"end":{"line":41,"column":71}},{"start":{"line":42,"column":20},"end":{"line":42,"column":29}}]},"2":{"line":44,"type":"binary-expr","locations":[{"start":{"line":44,"column":23},"end":{"line":44,"column":37}},{"start":{"line":45,"column":20},"end":{"line":45,"column":61}},{"start":{"line":46,"column":20},"end":{"line":46,"column":70}},{"start":{"line":47,"column":20},"end":{"line":47,"column":26}}]},"3":{"line":51,"type":"cond-expr","locations":[{"start":{"line":52,"column":14},"end":{"line":52,"column":20}},{"start":{"line":53,"column":14},"end":{"line":53,"column":20}}]},"4":{"line":55,"type":"binary-expr","locations":[{"start":{"line":55,"column":16},"end":{"line":55,"column":44}},{"start":{"line":55,"column":49},"end":{"line":57,"column":43}}]},"5":{"line":55,"type":"cond-expr","locations":[{"start":{"line":56,"column":14},"end":{"line":56,"column":57}},{"start":{"line":57,"column":14},"end":{"line":57,"column":43}}]},"6":{"line":61,"type":"switch","locations":[{"start":{"line":68,"column":4},"end":{"line":150,"column":14},"skip":true},{"start":{"line":156,"column":4},"end":{"line":324,"column":14},"skip":true}]},"7":{"line":70,"type":"if","locations":[{"start":{"line":70,"column":12},"end":{"line":70,"column":12},"skip":true},{"start":{"line":70,"column":12},"end":{"line":70,"column":12},"skip":true}]},"8":{"line":70,"type":"binary-expr","locations":[{"start":{"line":70,"column":16},"end":{"line":70,"column":22},"skip":true},{"start":{"line":70,"column":27},"end":{"line":70,"column":32},"skip":true},{"start":{"line":71,"column":20},"end":{"line":71,"column":39},"skip":true},{"start":{"line":72,"column":20},"end":{"line":72,"column":49},"skip":true},{"start":{"line":73,"column":20},"end":{"line":73,"column":58},"skip":true},{"start":{"line":74,"column":20},"end":{"line":74,"column":69},"skip":true}]},"9":{"line":79,"type":"switch","locations":[{"start":{"line":80,"column":20},"end":{"line":80,"column":33},"skip":true},{"start":{"line":81,"column":20},"end":{"line":83,"column":30},"skip":true},{"start":{"line":84,"column":20},"end":{"line":85,"column":49},"skip":true}]},"10":{"line":89,"type":"switch","locations":[{"start":{"line":90,"column":12},"end":{"line":103,"column":22},"skip":true},{"start":{"line":105,"column":12},"end":{"line":106,"column":22},"skip":true}]},"11":{"line":89,"type":"binary-expr","locations":[{"start":{"line":89,"column":20},"end":{"line":89,"column":25},"skip":true},{"start":{"line":89,"column":29},"end":{"line":89,"column":48},"skip":true},{"start":{"line":89,"column":52},"end":{"line":89,"column":74},"skip":true}]},"12":{"line":92,"type":"if","locations":[{"start":{"line":92,"column":16},"end":{"line":92,"column":16},"skip":true},{"start":{"line":92,"column":16},"end":{"line":92,"column":16},"skip":true}]},"13":{"line":108,"type":"if","locations":[{"start":{"line":108,"column":12},"end":{"line":108,"column":12},"skip":true},{"start":{"line":108,"column":12},"end":{"line":108,"column":12},"skip":true}]},"14":{"line":108,"type":"binary-expr","locations":[{"start":{"line":108,"column":16},"end":{"line":108,"column":61},"skip":true},{"start":{"line":108,"column":66},"end":{"line":108,"column":72},"skip":true},{"start":{"line":108,"column":77},"end":{"line":108,"column":82},"skip":true},{"start":{"line":109,"column":20},"end":{"line":109,"column":39},"skip":true},{"start":{"line":110,"column":20},"end":{"line":110,"column":49},"skip":true},{"start":{"line":111,"column":20},"end":{"line":111,"column":58},"skip":true},{"start":{"line":112,"column":20},"end":{"line":112,"column":68},"skip":true}]},"15":{"line":129,"type":"if","locations":[{"start":{"line":129,"column":16},"end":{"line":129,"column":16},"skip":true},{"start":{"line":129,"column":16},"end":{"line":129,"column":16},"skip":true}]},"16":{"line":134,"type":"cond-expr","locations":[{"start":{"line":135,"column":26},"end":{"line":135,"column":29},"skip":true},{"start":{"line":136,"column":26},"end":{"line":136,"column":54},"skip":true}]},"17":{"line":164,"type":"binary-expr","locations":[{"start":{"line":164,"column":27},"end":{"line":164,"column":43},"skip":true},{"start":{"line":164,"column":47},"end":{"line":164,"column":49},"skip":true}]},"18":{"line":258,"type":"if","locations":[{"start":{"line":258,"column":8},"end":{"line":258,"column":8},"skip":true},{"start":{"line":258,"column":8},"end":{"line":258,"column":8},"skip":true}]},"19":{"line":275,"type":"switch","locations":[{"start":{"line":276,"column":20},"end":{"line":277,"column":64},"skip":true},{"start":{"line":278,"column":20},"end":{"line":279,"column":40},"skip":true},{"start":{"line":280,"column":20},"end":{"line":281,"column":40},"skip":true},{"start":{"line":282,"column":20},"end":{"line":283,"column":39},"skip":true}]},"20":{"line":288,"type":"if","locations":[{"start":{"line":288,"column":8},"end":{"line":288,"column":8},"skip":true},{"start":{"line":288,"column":8},"end":{"line":288,"column":8},"skip":true}]},"21":{"line":288,"type":"binary-expr","locations":[{"start":{"line":288,"column":12},"end":{"line":288,"column":40},"skip":true},{"start":{"line":288,"column":44},"end":{"line":288,"column":67},"skip":true}]},"22":{"line":292,"type":"binary-expr","locations":[{"start":{"line":292,"column":12},"end":{"line":292,"column":50},"skip":true},{"start":{"line":293,"column":12},"end":{"line":293,"column":53},"skip":true}]},"23":{"line":297,"type":"binary-expr","locations":[{"start":{"line":297,"column":12},"end":{"line":297,"column":71},"skip":true},{"start":{"line":298,"column":12},"end":{"line":301,"column":36},"skip":true}]},"24":{"line":303,"type":"binary-expr","locations":[{"start":{"line":303,"column":43},"end":{"line":303,"column":75},"skip":true},{"start":{"line":303,"column":79},"end":{"line":303,"column":81},"skip":true}]},"25":{"line":306,"type":"if","locations":[{"start":{"line":306,"column":8},"end":{"line":306,"column":8},"skip":true},{"start":{"line":306,"column":8},"end":{"line":306,"column":8},"skip":true}]},"26":{"line":310,"type":"if","locations":[{"start":{"line":310,"column":8},"end":{"line":310,"column":8},"skip":true},{"start":{"line":310,"column":8},"end":{"line":310,"column":8},"skip":true}]},"27":{"line":313,"type":"binary-expr","locations":[{"start":{"line":313,"column":27},"end":{"line":313,"column":43},"skip":true},{"start":{"line":313,"column":47},"end":{"line":313,"column":53},"skip":true}]},"28":{"line":317,"type":"if","locations":[{"start":{"line":317,"column":12},"end":{"line":317,"column":12},"skip":true},{"start":{"line":317,"column":12},"end":{"line":317,"column":12},"skip":true}]}},"code":["/*","example.js","","quickstart example","","instruction","    1. save this script as example.js","    2. run the shell command:","        $ npm install npmtest-convert-units && PORT=8081 node example.js","    3. play with the browser-demo on http://127.0.0.1:8081","*/","","","","/* istanbul instrument in package npmtest_convert_units */","/*jslint","    bitwise: true,","    browser: true,","    maxerr: 8,","    maxlen: 96,","    node: true,","    nomen: true,","    regexp: true,","    stupid: true","*/","(function () {","    'use strict';","    var local;","","","","    // run shared js-env code - pre-init","    (function () {","        // init local","        local = {};","        // init modeJs","        local.modeJs = (function () {","            try {","                return typeof navigator.userAgent === 'string' &&","                    typeof document.querySelector('body') === 'object' &&","                    typeof XMLHttpRequest.prototype.open === 'function' &&","                    'browser';","            } catch (errorCaughtBrowser) {","                return module.exports &&","                    typeof process.versions.node === 'string' &&","                    typeof require('http').createServer === 'function' &&","                    'node';","            }","        }());","        // init global","        local.global = local.modeJs === 'browser'","            ? window","            : global;","        // init utility2_rollup","        local = local.global.utility2_rollup || (local.modeJs === 'browser'","            ? local.global.utility2_npmtest_convert_units","            : global.utility2_moduleExports);","        // export local","        local.global.local = local;","    }());","    switch (local.modeJs) {","","","","    // post-init","    // run browser js-env code - post-init","    /* istanbul ignore next */","    case 'browser':","        local.testRunBrowser = function (event) {","            if (!event || (event &&","                    event.currentTarget &&","                    event.currentTarget.className &&","                    event.currentTarget.className.includes &&","                    event.currentTarget.className.includes('onreset'))) {","                // reset output","                Array.from(","                    document.querySelectorAll('body > .resettable')","                ).forEach(function (element) {","                    switch (element.tagName) {","                    case 'INPUT':","                    case 'TEXTAREA':","                        element.value = '';","                        break;","                    default:","                        element.textContent = '';","                    }","                });","            }","            switch (event && event.currentTarget && event.currentTarget.id) {","            case 'testRunButton1':","                // show tests","                if (document.querySelector('#testReportDiv1').style.display === 'none') {","                    document.querySelector('#testReportDiv1').style.display = 'block';","                    document.querySelector('#testRunButton1').textContent =","                        'hide internal test';","                    local.modeTest = true;","                    local.testRunDefault(local);","                // hide tests","                } else {","                    document.querySelector('#testReportDiv1').style.display = 'none';","                    document.querySelector('#testRunButton1').textContent = 'run internal test';","                }","                break;","            // custom-case","            default:","                break;","            }","            if (document.querySelector('#inputTextareaEval1') && (!event || (event &&","                    event.currentTarget &&","                    event.currentTarget.className &&","                    event.currentTarget.className.includes &&","                    event.currentTarget.className.includes('oneval')))) {","                // try to eval input-code","                try {","                    /*jslint evil: true*/","                    eval(document.querySelector('#inputTextareaEval1').value);","                } catch (errorCaught) {","                    console.error(errorCaught);","                }","            }","        };","        // log stderr and stdout to #outputTextareaStdout1","        ['error', 'log'].forEach(function (key) {","            console[key + '_original'] = console[key];","            console[key] = function () {","                var element;","                console[key + '_original'].apply(console, arguments);","                element = document.querySelector('#outputTextareaStdout1');","                if (!element) {","                    return;","                }","                // append text to #outputTextareaStdout1","                element.value += Array.from(arguments).map(function (arg) {","                    return typeof arg === 'string'","                        ? arg","                        : JSON.stringify(arg, null, 4);","                }).join(' ') + '\\n';","                // scroll textarea to bottom","                element.scrollTop = element.scrollHeight;","            };","        });","        // init event-handling","        ['change', 'click', 'keyup'].forEach(function (event) {","            Array.from(document.querySelectorAll('.on' + event)).forEach(function (element) {","                element.addEventListener(event, local.testRunBrowser);","            });","        });","        // run tests","        local.testRunBrowser();","        break;","","","","    // run node js-env code - post-init","    /* istanbul ignore next */","    case 'node':","        // export local","        module.exports = local;","        // require modules","        local.fs = require('fs');","        local.http = require('http');","        local.url = require('url');","        // init assets","        local.assetsDict = local.assetsDict || {};","        /* jslint-ignore-begin */","        local.assetsDict['/assets.index.template.html'] = '\\","<!doctype html>\\n\\","<html lang=\"en\">\\n\\","<head>\\n\\","<meta charset=\"UTF-8\">\\n\\","<meta name=\"viewport\" content=\"width=device-width, initial-scale=1\">\\n\\","<title>{{env.npm_package_name}} (v{{env.npm_package_version}})</title>\\n\\","<style>\\n\\","/*csslint\\n\\","    box-sizing: false,\\n\\","    universal-selector: false\\n\\","*/\\n\\","* {\\n\\","    box-sizing: border-box;\\n\\","}\\n\\","body {\\n\\","    background: #dde;\\n\\","    font-family: Arial, Helvetica, sans-serif;\\n\\","    margin: 2rem;\\n\\","}\\n\\","body > * {\\n\\","    margin-bottom: 1rem;\\n\\","}\\n\\",".utility2FooterDiv {\\n\\","    margin-top: 20px;\\n\\","    text-align: center;\\n\\","}\\n\\","</style>\\n\\","<style>\\n\\","/*csslint\\n\\","*/\\n\\","textarea {\\n\\","    font-family: monospace;\\n\\","    height: 10rem;\\n\\","    width: 100%;\\n\\","}\\n\\","textarea[readonly] {\\n\\","    background: #ddd;\\n\\","}\\n\\","</style>\\n\\","</head>\\n\\","<body>\\n\\","<!-- utility2-comment\\n\\","<div id=\"ajaxProgressDiv1\" style=\"background: #d00; height: 2px; left: 0; margin: 0; padding: 0; position: fixed; top: 0; transition: background 0.5s, width 1.5s; width: 25%;\"></div>\\n\\","utility2-comment -->\\n\\","<h1>\\n\\","<!-- utility2-comment\\n\\","    <a\\n\\","        {{#if env.npm_package_homepage}}\\n\\","        href=\"{{env.npm_package_homepage}}\"\\n\\","        {{/if env.npm_package_homepage}}\\n\\","        target=\"_blank\"\\n\\","    >\\n\\","utility2-comment -->\\n\\","        {{env.npm_package_name}} (v{{env.npm_package_version}})\\n\\","<!-- utility2-comment\\n\\","    </a>\\n\\","utility2-comment -->\\n\\","</h1>\\n\\","<h3>{{env.npm_package_description}}</h3>\\n\\","<!-- utility2-comment\\n\\","<h4><a download href=\"assets.app.js\">download standalone app</a></h4>\\n\\","<button class=\"onclick onreset\" id=\"testRunButton1\">run internal test</button><br>\\n\\","<div id=\"testReportDiv1\" style=\"display: none;\"></div>\\n\\","utility2-comment -->\\n\\","\\n\\","\\n\\","\\n\\","<label>stderr and stdout</label>\\n\\","<textarea class=\"resettable\" id=\"outputTextareaStdout1\" readonly></textarea>\\n\\","<!-- utility2-comment\\n\\","{{#if isRollup}}\\n\\","<script src=\"assets.app.js\"></script>\\n\\","{{#unless isRollup}}\\n\\","utility2-comment -->\\n\\","<script src=\"assets.utility2.rollup.js\"></script>\\n\\","<script src=\"jsonp.utility2._stateInit?callback=window.utility2._stateInit\"></script>\\n\\","<script src=\"assets.npmtest_convert_units.rollup.js\"></script>\\n\\","<script src=\"assets.example.js\"></script>\\n\\","<script src=\"assets.test.js\"></script>\\n\\","<!-- utility2-comment\\n\\","{{/if isRollup}}\\n\\","utility2-comment -->\\n\\","<div class=\"utility2FooterDiv\">\\n\\","    [ this app was created with\\n\\","    <a href=\"https://github.com/kaizhu256/node-utility2\" target=\"_blank\">utility2</a>\\n\\","    ]\\n\\","</div>\\n\\","</body>\\n\\","</html>\\n\\","';","        /* jslint-ignore-end */","        if (local.templateRender) {","            local.assetsDict['/'] = local.templateRender(","                local.assetsDict['/assets.index.template.html'],","                {","                    env: local.objectSetDefault(local.env, {","                        npm_package_description: 'the greatest app in the world!',","                        npm_package_name: 'my-app',","                        npm_package_nameAlias: 'my_app',","                        npm_package_version: '0.0.1'","                    })","                }","            );","        } else {","            local.assetsDict['/'] = local.assetsDict['/assets.index.template.html']","                .replace((/\\{\\{env\\.(\\w+?)\\}\\}/g), function (match0, match1) {","                    // jslint-hack","                    String(match0);","                    switch (match1) {","                    case 'npm_package_description':","                        return 'the greatest app in the world!';","                    case 'npm_package_name':","                        return 'my-app';","                    case 'npm_package_nameAlias':","                        return 'my_app';","                    case 'npm_package_version':","                        return '0.0.1';","                    }","                });","        }","        // run the cli","        if (local.global.utility2_rollup || module !== require.main) {","            break;","        }","        local.assetsDict['/assets.example.js'] =","            local.assetsDict['/assets.example.js'] ||","            local.fs.readFileSync(__filename, 'utf8');","        // bug-workaround - long $npm_package_buildCustomOrg","        /* jslint-ignore-begin */","        local.assetsDict['/assets.npmtest_convert_units.rollup.js'] =","            local.assetsDict['/assets.npmtest_convert_units.rollup.js'] ||","            local.fs.readFileSync(","                local.npmtest_convert_units.__dirname + '/lib.npmtest_convert_units.js',","                'utf8'","            ).replace((/^#!/), '//');","        /* jslint-ignore-end */","        local.assetsDict['/favicon.ico'] = local.assetsDict['/favicon.ico'] || '';","        // if $npm_config_timeout_exit exists,","        // then exit this process after $npm_config_timeout_exit ms","        if (Number(process.env.npm_config_timeout_exit)) {","            setTimeout(process.exit, Number(process.env.npm_config_timeout_exit));","        }","        // start server","        if (local.global.utility2_serverHttp1) {","            break;","        }","        process.env.PORT = process.env.PORT || '8081';","        console.error('server starting on port ' + process.env.PORT);","        local.http.createServer(function (request, response) {","            request.urlParsed = local.url.parse(request.url);","            if (local.assetsDict[request.urlParsed.pathname] !== undefined) {","                response.end(local.assetsDict[request.urlParsed.pathname]);","                return;","            }","            response.statusCode = 404;","            response.end();","        }).listen(process.env.PORT);","        break;","    }","}());",""],"l":{"26":2,"28":2,"33":2,"35":2,"37":2,"38":2,"39":2,"44":1,"51":2,"55":2,"59":2,"61":2,"69":1,"70":2,"76":2,"79":2,"82":2,"83":2,"85":1,"89":2,"92":1,"93":1,"94":1,"96":1,"97":1,"100":1,"101":1,"103":1,"106":1,"108":2,"114":1,"116":1,"118":1,"123":1,"124":2,"125":2,"126":3,"127":3,"128":3,"129":3,"130":1,"133":3,"134":3,"139":3,"143":1,"144":3,"145":1,"149":1,"150":1,"158":1,"160":1,"161":1,"162":1,"164":1,"166":1,"258":1,"259":1,"271":1,"274":6,"275":6,"277":1,"279":2,"281":1,"283":2,"288":1,"289":1,"291":1,"296":1,"303":1,"306":1,"307":1,"310":1,"311":1,"313":1,"314":1,"315":1,"316":1,"317":1,"318":1,"319":1,"321":1,"322":1,"324":1}},"/home/travis/build/npmtest/node-npmtest-convert-units/node_modules/convert-units/lib/index.js":{"path":"/home/travis/build/npmtest/node-npmtest-convert-units/node_modules/convert-units/lib/index.js","s":{"1":1,"2":1,"3":0,"4":0,"5":0,"6":1,"7":0,"8":0,"9":0,"10":0,"11":0,"12":0,"13":1,"14":0,"15":0,"16":0,"17":0,"18":0,"19":0,"20":0,"21":0,"22":0,"23":0,"24":0,"25":0,"26":0,"27":0,"28":0,"29":0,"30":0,"31":0,"32":0,"33":0,"34":0,"35":1,"36":0,"37":0,"38":0,"39":0,"40":0,"41":0,"42":0,"43":0,"44":0,"45":0,"46":0,"47":0,"48":0,"49":1,"50":0,"51":0,"52":0,"53":0,"54":0,"55":0,"56":0,"57":0,"58":0,"59":0,"60":0,"61":0,"62":0,"63":0,"64":1,"65":0,"66":1,"67":0,"68":0,"69":0,"70":0,"71":0,"72":0,"73":1,"74":0,"75":0,"76":0,"77":0,"78":0,"79":0,"80":0,"81":0,"82":0,"83":0,"84":1,"85":0,"86":0,"87":0,"88":0,"89":0,"90":0,"91":0,"92":1,"93":0,"94":0,"95":0,"96":0,"97":0,"98":0,"99":0,"100":0,"101":0,"102":0,"103":0,"104":0,"105":0,"106":1,"107":0,"108":1,"109":0,"110":1},"b":{"1":[0,0],"2":[0,0],"3":[0,0],"4":[0,0],"5":[0,0],"6":[0,0],"7":[0,0],"8":[0,0],"9":[0,0],"10":[0,0],"11":[0,0],"12":[0,0],"13":[0,0],"14":[0,0],"15":[0,0],"16":[0,0],"17":[0,0,0],"18":[0,0],"19":[0,0],"20":[0,0],"21":[0,0],"22":[0,0],"23":[0,0],"24":[0,0],"25":[0,0],"26":[0,0],"27":[0,0],"28":[0,0],"29":[0,0],"30":[0,0]},"f":{"1":0,"2":0,"3":0,"4":0,"5":0,"6":0,"7":0,"8":0,"9":0,"10":0,"11":0,"12":0,"13":0,"14":0,"15":0,"16":0,"17":0,"18":0,"19":0,"20":0,"21":0,"22":0,"23":0,"24":0},"fnMap":{"1":{"name":"(anonymous_1)","line":27,"loc":{"start":{"line":27,"column":12},"end":{"line":27,"column":46}}},"2":{"name":"(anonymous_2)","line":37,"loc":{"start":{"line":37,"column":27},"end":{"line":37,"column":43}}},"3":{"name":"(anonymous_3)","line":53,"loc":{"start":{"line":53,"column":25},"end":{"line":53,"column":39}}},"4":{"name":"(anonymous_4)","line":118,"loc":{"start":{"line":118,"column":29},"end":{"line":118,"column":47}}},"5":{"name":"(anonymous_5)","line":132,"loc":{"start":{"line":132,"column":29},"end":{"line":132,"column":51}}},"6":{"name":"(anonymous_6)","line":155,"loc":{"start":{"line":155,"column":30},"end":{"line":155,"column":46}}},"7":{"name":"(anonymous_7)","line":158,"loc":{"start":{"line":158,"column":17},"end":{"line":158,"column":45}}},"8":{"name":"(anonymous_8)","line":159,"loc":{"start":{"line":159,"column":18},"end":{"line":159,"column":43}}},"9":{"name":"(anonymous_9)","line":163,"loc":{"start":{"line":163,"column":18},"end":{"line":163,"column":44}}},"10":{"name":"(anonymous_10)","line":186,"loc":{"start":{"line":186,"column":15},"end":{"line":186,"column":30}}},"11":{"name":"(anonymous_11)","line":199,"loc":{"start":{"line":199,"column":31},"end":{"line":199,"column":47}}},"12":{"name":"(anonymous_12)","line":215,"loc":{"start":{"line":215,"column":27},"end":{"line":215,"column":46}}},"13":{"name":"(anonymous_13)","line":218,"loc":{"start":{"line":218,"column":17},"end":{"line":218,"column":49}}},"14":{"name":"(anonymous_14)","line":222,"loc":{"start":{"line":222,"column":18},"end":{"line":222,"column":43}}},"15":{"name":"(anonymous_15)","line":226,"loc":{"start":{"line":226,"column":18},"end":{"line":226,"column":40}}},"16":{"name":"(anonymous_16)","line":240,"loc":{"start":{"line":240,"column":48},"end":{"line":240,"column":64}}},"17":{"name":"(anonymous_17)","line":243,"loc":{"start":{"line":243,"column":17},"end":{"line":243,"column":45}}},"18":{"name":"(anonymous_18)","line":244,"loc":{"start":{"line":244,"column":18},"end":{"line":244,"column":43}}},"19":{"name":"(anonymous_19)","line":259,"loc":{"start":{"line":259,"column":36},"end":{"line":259,"column":55}}},"20":{"name":"(anonymous_20)","line":262,"loc":{"start":{"line":262,"column":24},"end":{"line":262,"column":42}}},"21":{"name":"(anonymous_21)","line":263,"loc":{"start":{"line":263,"column":28},"end":{"line":263,"column":53}}},"22":{"name":"(anonymous_22)","line":272,"loc":{"start":{"line":272,"column":27},"end":{"line":272,"column":52}}},"23":{"name":"(anonymous_23)","line":287,"loc":{"start":{"line":287,"column":31},"end":{"line":287,"column":43}}},"24":{"name":"(anonymous_24)","line":291,"loc":{"start":{"line":291,"column":10},"end":{"line":291,"column":27}}}},"statementMap":{"1":{"start":{"line":1,"column":0},"end":{"line":25,"column":14}},"2":{"start":{"line":27,"column":0},"end":{"line":32,"column":2}},"3":{"start":{"line":28,"column":2},"end":{"line":31,"column":25}},"4":{"start":{"line":29,"column":4},"end":{"line":29,"column":39}},"5":{"start":{"line":31,"column":4},"end":{"line":31,"column":25}},"6":{"start":{"line":37,"column":0},"end":{"line":48,"column":2}},"7":{"start":{"line":38,"column":2},"end":{"line":39,"column":55}},"8":{"start":{"line":39,"column":4},"end":{"line":39,"column":55}},"9":{"start":{"line":41,"column":2},"end":{"line":41,"column":35}},"10":{"start":{"line":43,"column":2},"end":{"line":45,"column":3}},"11":{"start":{"line":44,"column":4},"end":{"line":44,"column":41}},"12":{"start":{"line":47,"column":2},"end":{"line":47,"column":14}},"13":{"start":{"line":53,"column":0},"end":{"line":113,"column":2}},"14":{"start":{"line":54,"column":2},"end":{"line":55,"column":54}},"15":{"start":{"line":55,"column":4},"end":{"line":55,"column":54}},"16":{"start":{"line":57,"column":2},"end":{"line":57,"column":38}},"17":{"start":{"line":59,"column":2},"end":{"line":60,"column":16}},"18":{"start":{"line":62,"column":2},"end":{"line":64,"column":3}},"19":{"start":{"line":63,"column":4},"end":{"line":63,"column":39}},"20":{"start":{"line":67,"column":2},"end":{"line":69,"column":3}},"21":{"start":{"line":68,"column":4},"end":{"line":68,"column":20}},"22":{"start":{"line":72,"column":2},"end":{"line":75,"column":3}},"23":{"start":{"line":73,"column":4},"end":{"line":74,"column":66}},"24":{"start":{"line":80,"column":2},"end":{"line":80,"column":49}},"25":{"start":{"line":87,"column":2},"end":{"line":89,"column":3}},"26":{"start":{"line":88,"column":4},"end":{"line":88,"column":49}},"27":{"start":{"line":91,"column":2},"end":{"line":93,"column":3}},"28":{"start":{"line":92,"column":4},"end":{"line":92,"column":43}},"29":{"start":{"line":101,"column":2},"end":{"line":107,"column":3}},"30":{"start":{"line":102,"column":4},"end":{"line":102,"column":85}},"31":{"start":{"line":103,"column":4},"end":{"line":105,"column":5}},"32":{"start":{"line":104,"column":6},"end":{"line":104,"column":39}},"33":{"start":{"line":106,"column":4},"end":{"line":106,"column":79}},"34":{"start":{"line":112,"column":2},"end":{"line":112,"column":50}},"35":{"start":{"line":118,"column":0},"end":{"line":150,"column":1}},"36":{"start":{"line":119,"column":2},"end":{"line":120,"column":58}},"37":{"start":{"line":120,"column":4},"end":{"line":120,"column":58}},"38":{"start":{"line":122,"column":2},"end":{"line":124,"column":3}},"39":{"start":{"line":123,"column":6},"end":{"line":123,"column":32}},"40":{"start":{"line":126,"column":2},"end":{"line":126,"column":11}},"41":{"start":{"line":132,"column":2},"end":{"line":147,"column":16}},"42":{"start":{"line":133,"column":4},"end":{"line":133,"column":42}},"43":{"start":{"line":134,"column":4},"end":{"line":134,"column":65}},"44":{"start":{"line":136,"column":4},"end":{"line":146,"column":5}},"45":{"start":{"line":137,"column":6},"end":{"line":137,"column":40}},"46":{"start":{"line":138,"column":6},"end":{"line":145,"column":7}},"47":{"start":{"line":139,"column":8},"end":{"line":144,"column":10}},"48":{"start":{"line":149,"column":2},"end":{"line":149,"column":14}},"49":{"start":{"line":155,"column":0},"end":{"line":184,"column":2}},"50":{"start":{"line":156,"column":2},"end":{"line":156,"column":12}},"51":{"start":{"line":158,"column":2},"end":{"line":181,"column":5}},"52":{"start":{"line":159,"column":4},"end":{"line":177,"column":7}},"53":{"start":{"line":160,"column":6},"end":{"line":161,"column":21}},"54":{"start":{"line":161,"column":8},"end":{"line":161,"column":21}},"55":{"start":{"line":163,"column":6},"end":{"line":173,"column":9}},"56":{"start":{"line":164,"column":8},"end":{"line":172,"column":9}},"57":{"start":{"line":165,"column":10},"end":{"line":170,"column":12}},"58":{"start":{"line":171,"column":10},"end":{"line":171,"column":23}},"59":{"start":{"line":175,"column":6},"end":{"line":176,"column":21}},"60":{"start":{"line":176,"column":8},"end":{"line":176,"column":21}},"61":{"start":{"line":179,"column":4},"end":{"line":180,"column":19}},"62":{"start":{"line":180,"column":6},"end":{"line":180,"column":19}},"63":{"start":{"line":183,"column":2},"end":{"line":183,"column":15}},"64":{"start":{"line":186,"column":0},"end":{"line":194,"column":1}},"65":{"start":{"line":187,"column":2},"end":{"line":193,"column":4}},"66":{"start":{"line":199,"column":0},"end":{"line":210,"column":2}},"67":{"start":{"line":200,"column":2},"end":{"line":200,"column":47}},"68":{"start":{"line":201,"column":2},"end":{"line":201,"column":18}},"69":{"start":{"line":203,"column":2},"end":{"line":207,"column":3}},"70":{"start":{"line":204,"column":4},"end":{"line":204,"column":26}},"71":{"start":{"line":206,"column":4},"end":{"line":206,"column":41}},"72":{"start":{"line":209,"column":2},"end":{"line":209,"column":14}},"73":{"start":{"line":215,"column":0},"end":{"line":238,"column":2}},"74":{"start":{"line":216,"column":2},"end":{"line":216,"column":16}},"75":{"start":{"line":218,"column":2},"end":{"line":235,"column":5}},"76":{"start":{"line":219,"column":4},"end":{"line":220,"column":13}},"77":{"start":{"line":220,"column":6},"end":{"line":220,"column":13}},"78":{"start":{"line":222,"column":4},"end":{"line":234,"column":7}},"79":{"start":{"line":223,"column":6},"end":{"line":224,"column":21}},"80":{"start":{"line":224,"column":8},"end":{"line":224,"column":21}},"81":{"start":{"line":226,"column":6},"end":{"line":233,"column":9}},"82":{"start":{"line":227,"column":8},"end":{"line":232,"column":12}},"83":{"start":{"line":237,"column":2},"end":{"line":237,"column":14}},"84":{"start":{"line":240,"column":0},"end":{"line":253,"column":1}},"85":{"start":{"line":241,"column":2},"end":{"line":241,"column":22}},"86":{"start":{"line":243,"column":2},"end":{"line":250,"column":5}},"87":{"start":{"line":244,"column":4},"end":{"line":249,"column":7}},"88":{"start":{"line":245,"column":6},"end":{"line":246,"column":21}},"89":{"start":{"line":246,"column":8},"end":{"line":246,"column":21}},"90":{"start":{"line":248,"column":6},"end":{"line":248,"column":50}},"91":{"start":{"line":252,"column":2},"end":{"line":252,"column":89}},"92":{"start":{"line":259,"column":0},"end":{"line":281,"column":2}},"93":{"start":{"line":260,"column":2},"end":{"line":260,"column":25}},"94":{"start":{"line":261,"column":2},"end":{"line":278,"column":3}},"95":{"start":{"line":262,"column":3},"end":{"line":269,"column":6}},"96":{"start":{"line":263,"column":4},"end":{"line":268,"column":7}},"97":{"start":{"line":264,"column":6},"end":{"line":265,"column":21}},"98":{"start":{"line":265,"column":8},"end":{"line":265,"column":21}},"99":{"start":{"line":267,"column":6},"end":{"line":267,"column":56}},"100":{"start":{"line":271,"column":3},"end":{"line":271,"column":44}},"101":{"start":{"line":272,"column":3},"end":{"line":277,"column":6}},"102":{"start":{"line":273,"column":5},"end":{"line":274,"column":20}},"103":{"start":{"line":274,"column":7},"end":{"line":274,"column":20}},"104":{"start":{"line":276,"column":5},"end":{"line":276,"column":55}},"105":{"start":{"line":280,"column":2},"end":{"line":280,"column":23}},"106":{"start":{"line":287,"column":0},"end":{"line":289,"column":2}},"107":{"start":{"line":288,"column":2},"end":{"line":288,"column":24}},"108":{"start":{"line":291,"column":0},"end":{"line":293,"column":2}},"109":{"start":{"line":292,"column":2},"end":{"line":292,"column":30}},"110":{"start":{"line":295,"column":0},"end":{"line":295,"column":25}}},"branchMap":{"1":{"line":28,"type":"if","locations":[{"start":{"line":28,"column":2},"end":{"line":28,"column":2}},{"start":{"line":28,"column":2},"end":{"line":28,"column":2}}]},"2":{"line":38,"type":"if","locations":[{"start":{"line":38,"column":2},"end":{"line":38,"column":2}},{"start":{"line":38,"column":2},"end":{"line":38,"column":2}}]},"3":{"line":43,"type":"if","locations":[{"start":{"line":43,"column":2},"end":{"line":43,"column":2}},{"start":{"line":43,"column":2},"end":{"line":43,"column":2}}]},"4":{"line":54,"type":"if","locations":[{"start":{"line":54,"column":2},"end":{"line":54,"column":2}},{"start":{"line":54,"column":2},"end":{"line":54,"column":2}}]},"5":{"line":62,"type":"if","locations":[{"start":{"line":62,"column":2},"end":{"line":62,"column":2}},{"start":{"line":62,"column":2},"end":{"line":62,"column":2}}]},"6":{"line":67,"type":"if","locations":[{"start":{"line":67,"column":2},"end":{"line":67,"column":2}},{"start":{"line":67,"column":2},"end":{"line":67,"column":2}}]},"7":{"line":72,"type":"if","locations":[{"start":{"line":72,"column":2},"end":{"line":72,"column":2}},{"start":{"line":72,"column":2},"end":{"line":72,"column":2}}]},"8":{"line":87,"type":"if","locations":[{"start":{"line":87,"column":2},"end":{"line":87,"column":2}},{"start":{"line":87,"column":2},"end":{"line":87,"column":2}}]},"9":{"line":91,"type":"if","locations":[{"start":{"line":91,"column":2},"end":{"line":91,"column":2}},{"start":{"line":91,"column":2},"end":{"line":91,"column":2}}]},"10":{"line":101,"type":"if","locations":[{"start":{"line":101,"column":2},"end":{"line":101,"column":2}},{"start":{"line":101,"column":2},"end":{"line":101,"column":2}}]},"11":{"line":103,"type":"if","locations":[{"start":{"line":103,"column":4},"end":{"line":103,"column":4}},{"start":{"line":103,"column":4},"end":{"line":103,"column":4}}]},"12":{"line":119,"type":"if","locations":[{"start":{"line":119,"column":2},"end":{"line":119,"column":2}},{"start":{"line":119,"column":2},"end":{"line":119,"column":2}}]},"13":{"line":122,"type":"if","locations":[{"start":{"line":122,"column":2},"end":{"line":122,"column":2}},{"start":{"line":122,"column":2},"end":{"line":122,"column":2}}]},"14":{"line":136,"type":"if","locations":[{"start":{"line":136,"column":4},"end":{"line":136,"column":4}},{"start":{"line":136,"column":4},"end":{"line":136,"column":4}}]},"15":{"line":136,"type":"binary-expr","locations":[{"start":{"line":136,"column":8},"end":{"line":136,"column":18}},{"start":{"line":136,"column":22},"end":{"line":136,"column":56}}]},"16":{"line":138,"type":"if","locations":[{"start":{"line":138,"column":6},"end":{"line":138,"column":6}},{"start":{"line":138,"column":6},"end":{"line":138,"column":6}}]},"17":{"line":138,"type":"binary-expr","locations":[{"start":{"line":138,"column":10},"end":{"line":138,"column":15}},{"start":{"line":138,"column":20},"end":{"line":138,"column":31}},{"start":{"line":138,"column":35},"end":{"line":138,"column":52}}]},"18":{"line":160,"type":"if","locations":[{"start":{"line":160,"column":6},"end":{"line":160,"column":6}},{"start":{"line":160,"column":6},"end":{"line":160,"column":6}}]},"19":{"line":164,"type":"if","locations":[{"start":{"line":164,"column":8},"end":{"line":164,"column":8}},{"start":{"line":164,"column":8},"end":{"line":164,"column":8}}]},"20":{"line":175,"type":"if","locations":[{"start":{"line":175,"column":6},"end":{"line":175,"column":6}},{"start":{"line":175,"column":6},"end":{"line":175,"column":6}}]},"21":{"line":179,"type":"if","locations":[{"start":{"line":179,"column":4},"end":{"line":179,"column":4}},{"start":{"line":179,"column":4},"end":{"line":179,"column":4}}]},"22":{"line":219,"type":"if","locations":[{"start":{"line":219,"column":4},"end":{"line":219,"column":4}},{"start":{"line":219,"column":4},"end":{"line":219,"column":4}}]},"23":{"line":219,"type":"binary-expr","locations":[{"start":{"line":219,"column":7},"end":{"line":219,"column":14}},{"start":{"line":219,"column":18},"end":{"line":219,"column":41}}]},"24":{"line":223,"type":"if","locations":[{"start":{"line":223,"column":6},"end":{"line":223,"column":6}},{"start":{"line":223,"column":6},"end":{"line":223,"column":6}}]},"25":{"line":245,"type":"if","locations":[{"start":{"line":245,"column":6},"end":{"line":245,"column":6}},{"start":{"line":245,"column":6},"end":{"line":245,"column":6}}]},"26":{"line":261,"type":"if","locations":[{"start":{"line":261,"column":2},"end":{"line":261,"column":2}},{"start":{"line":261,"column":2},"end":{"line":261,"column":2}}]},"27":{"line":261,"type":"binary-expr","locations":[{"start":{"line":261,"column":5},"end":{"line":261,"column":17}},{"start":{"line":261,"column":21},"end":{"line":261,"column":29}}]},"28":{"line":264,"type":"if","locations":[{"start":{"line":264,"column":6},"end":{"line":264,"column":6}},{"start":{"line":264,"column":6},"end":{"line":264,"column":6}}]},"29":{"line":271,"type":"binary-expr","locations":[{"start":{"line":271,"column":13},"end":{"line":271,"column":20}},{"start":{"line":271,"column":24},"end":{"line":271,"column":43}}]},"30":{"line":273,"type":"if","locations":[{"start":{"line":273,"column":5},"end":{"line":273,"column":5}},{"start":{"line":273,"column":5},"end":{"line":273,"column":5}}]}},"code":["var convert","  , keys = require('lodash.keys')","  , each = require('lodash.foreach')","  , measures = {","      length: require('./definitions/length')","    , area: require('./definitions/area')","    , mass: require('./definitions/mass')","    , volume: require('./definitions/volume')","    , each: require('./definitions/each')","    , temperature: require('./definitions/temperature')","    , time: require('./definitions/time')","    , digital: require('./definitions/digital')","    , partsPer: require('./definitions/partsPer')","    , speed: require('./definitions/speed')","    , pressure: require('./definitions/pressure')","    , current: require('./definitions/current')","    , voltage: require('./definitions/voltage')","    , power: require('./definitions/power')","    , reactivePower: require('./definitions/reactivePower')","    , apparentPower: require('./definitions/apparentPower')","    , energy: require('./definitions/energy')","    , reactiveEnergy: require('./definitions/reactiveEnergy')","    , volumeFlowRate: require('./definitions/volumeFlowRate')","    }","  , Converter;","","Converter = function (numerator, denominator) {","  if(denominator)","    this.val = numerator / denominator;","  else","    this.val = numerator;","};","","/**","* Lets the converter know the source unit abbreviation","*/","Converter.prototype.from = function (from) {","  if(this.destination)","    throw new Error('.from must be called before .to');","","  this.origin = this.getUnit(from);","","  if(!this.origin) {","    this.throwUnsupportedUnitError(from);","  }","","  return this;","};","","/**","* Converts the unit and returns the value","*/","Converter.prototype.to = function (to) {","  if(!this.origin)","    throw new Error('.to must be called after .from');","","  this.destination = this.getUnit(to);","","  var result","    , transform;","","  if(!this.destination) {","    this.throwUnsupportedUnitError(to);","  }","","  // Don't change the value if origin and destination are the same","  if (this.origin.abbr === this.destination.abbr) {","    return this.val;","  }","","  // You can't go from liquid to mass, for example","  if(this.destination.measure != this.origin.measure) {","    throw new Error('Cannot convert incompatible measures of '","      + this.destination.measure + ' and ' + this.origin.measure);","  }","","  /**","  * Convert from the source value to its anchor inside the system","  */","  result = this.val * this.origin.unit.to_anchor;","","  /**","  * For some changes it's a simple shift (C to K)","  * So we'll add it when convering into the unit","  * and substract it when converting from the unit","  */","  if (this.destination.unit.anchor_shift) {","    result += this.destination.unit.anchor_shift;","  }","","  if (this.origin.unit.anchor_shift) {","    result -= this.origin.unit.anchor_shift","  }","","","  /**","  * Convert from one system to another through the anchor ratio. Some conversions","  * aren't ratio based or require more than a simple shift. We can provide a custom","  * transform here to provide the direct result","  */","  if(this.origin.system != this.destination.system) {","    transform = measures[this.origin.measure]._anchors[this.origin.system].transform;","    if (typeof transform === 'function') {","      return result = transform(result)","    }","    result *= measures[this.origin.measure]._anchors[this.origin.system].ratio;","  }","","  /**","  * Convert to another unit inside the destination system","  */","  return result / this.destination.unit.to_anchor;","};","","/**","* Converts the unit to the best available unit.","*/","Converter.prototype.toBest = function(options) {","  if(!this.origin)","    throw new Error('.toBest must be called after .from');","","  if (options == null) {","      options = { exclude: [] };","  }","","  var best;","  /**","    Looks through every possibility for the 'best' available unit.","    i.e. Where the value has the fewest numbers before the decimal point,","    but is still higher than 1.","  */","  each(this.possibilities(), function(possibility) {","    var unit = this.describe(possibility);","    var isIncluded = options.exclude.indexOf(possibility) === -1;","","    if (isIncluded && unit.system === this.origin.system) {","      var result = this.to(possibility);","      if (!best || (result >= 1 && result < best.val)) {","        best = {","          val: result,","          unit: possibility,","          singular: unit.singular,","          plural: unit.plural","        };","      }","    }","  }.bind(this));","","  return best;","}","","/**","* Finds the unit","*/","Converter.prototype.getUnit = function (abbr) {","  var found;","","  each(measures, function (systems, measure) {","    each(systems, function (units, system) {","      if(system == '_anchors')","        return false;","","      each(units, function (unit, testAbbr) {","        if(testAbbr == abbr) {","          found = {","            abbr: abbr","          , measure: measure","          , system: system","          , unit: unit","          };","          return false;","        }","      });","","      if(found)","        return false;","    });","","    if(found)","      return false;","  });","","  return found;","};","","var describe = function(resp) {","  return {","    abbr: resp.abbr","  , measure: resp.measure","  , system: resp.system","  , singular: resp.unit.name.singular","  , plural: resp.unit.name.plural","  };","}","","/**","* An alias for getUnit","*/","Converter.prototype.describe = function (abbr) {","  var resp = Converter.prototype.getUnit(abbr);","  var desc = null;","","  try {","    desc = describe(resp);","  } catch(err) {","    this.throwUnsupportedUnitError(abbr);","  }","","  return desc;","};","","/**","* Detailed list of all supported units","*/","Converter.prototype.list = function (measure) {","  var list = [];","","  each(measures, function (systems, testMeasure) {","    if(measure && measure !== testMeasure)","      return;","","    each(systems, function (units, system) {","      if(system == '_anchors')","        return false;","","      each(units, function (unit, abbr) {","        list = list.concat(describe({","          abbr: abbr,","          measure: testMeasure","        , system: system","        , unit: unit","        }));","      });","    });","  });","","  return list;","};","","Converter.prototype.throwUnsupportedUnitError = function (what) {","  var validUnits = [];","","  each(measures, function (systems, measure) {","    each(systems, function (units, system) {","      if(system == '_anchors')","        return false;","","      validUnits = validUnits.concat(keys(units));","    });","  });","","  throw new Error('Unsupported unit ' + what + ', use one of: ' + validUnits.join(', '));","}","","/**","* Returns the abbreviated measures that the value can be","* converted to.","*/","Converter.prototype.possibilities = function (measure) {","  var possibilities = [];","  if(!this.origin && !measure) {","\t  each(keys(measures), function (measure){","\t\t  each(measures[measure], function (units, system) {","\t\t    if(system == '_anchors')","\t\t      return false;","","\t\t    possibilities = possibilities.concat(keys(units));","\t\t  });","\t  });","  } else {","\t  measure = measure || this.origin.measure;","\t  each(measures[measure], function (units, system) {","\t    if(system == '_anchors')","\t      return false;","","\t    possibilities = possibilities.concat(keys(units));","\t  });","  }","","  return possibilities;","};","","/**","* Returns the abbreviated measures that the value can be","* converted to.","*/","Converter.prototype.measures = function () {","  return keys(measures);","};","","convert = function (value) {","  return new Converter(value);","};","","module.exports = convert;",""],"l":{"1":1,"27":1,"28":0,"29":0,"31":0,"37":1,"38":0,"39":0,"41":0,"43":0,"44":0,"47":0,"53":1,"54":0,"55":0,"57":0,"59":0,"62":0,"63":0,"67":0,"68":0,"72":0,"73":0,"80":0,"87":0,"88":0,"91":0,"92":0,"101":0,"102":0,"103":0,"104":0,"106":0,"112":0,"118":1,"119":0,"120":0,"122":0,"123":0,"126":0,"132":0,"133":0,"134":0,"136":0,"137":0,"138":0,"139":0,"149":0,"155":1,"156":0,"158":0,"159":0,"160":0,"161":0,"163":0,"164":0,"165":0,"171":0,"175":0,"176":0,"179":0,"180":0,"183":0,"186":1,"187":0,"199":1,"200":0,"201":0,"203":0,"204":0,"206":0,"209":0,"215":1,"216":0,"218":0,"219":0,"220":0,"222":0,"223":0,"224":0,"226":0,"227":0,"237":0,"240":1,"241":0,"243":0,"244":0,"245":0,"246":0,"248":0,"252":0,"259":1,"260":0,"261":0,"262":0,"263":0,"264":0,"265":0,"267":0,"271":0,"272":0,"273":0,"274":0,"276":0,"280":0,"287":1,"288":0,"291":1,"292":0,"295":1}},"/home/travis/build/npmtest/node-npmtest-convert-units/node_modules/convert-units/lib/definitions/length.js":{"path":"/home/travis/build/npmtest/node-npmtest-convert-units/node_modules/convert-units/lib/definitions/length.js","s":{"1":1,"2":1,"3":1,"4":1},"b":{},"f":{},"fnMap":{},"statementMap":{"1":{"start":{"line":1,"column":0},"end":{"line":2,"column":13}},"2":{"start":{"line":4,"column":0},"end":{"line":33,"column":2}},"3":{"start":{"line":35,"column":0},"end":{"line":64,"column":2}},"4":{"start":{"line":66,"column":0},"end":{"line":79,"column":2}}},"branchMap":{},"code":["var metric","  , imperial;","","metric = {","  mm: {","    name: {","      singular: 'Millimeter'","    , plural: 'Millimeters'","    }","  , to_anchor: 1/1000","  }",", cm: {","    name: {","      singular: 'Centimeter'","    , plural: 'Centimeters'","    }","  , to_anchor: 1/100","  }",", m: {","    name: {","      singular: 'Meter'","    , plural: 'Meters'","    }","  , to_anchor: 1","  }",", km: {","    name: {","      singular: 'Kilometer'","    , plural: 'Kilometers'","    }","  , to_anchor: 1000","  }","};","","imperial = {","  'in': {","    name: {","      singular: 'Inch'","    , plural: 'Inches'","    }","  , to_anchor: 1/12","  }",", yd: {","    name: {","      singular: 'Yard'","    , plural: 'Yards'  ","    }","  , to_anchor: 3","  }",", ft: {","    name: {","      singular: 'Foot'","    , plural: 'Feet'","    }","  , to_anchor: 1","  }",", mi: {","    name: {","      singular: 'Mile'","    , plural: 'Miles'","    }","  , to_anchor: 5280","  }","};","","module.exports = {","  metric: metric",", imperial: imperial",", _anchors: {","    metric: {","      unit: 'm'","    , ratio: 3.281","    }","  , imperial: {","      unit: 'ft'","    , ratio: 1/3.281","    }","  }","};",""],"l":{"1":1,"4":1,"35":1,"66":1}},"/home/travis/build/npmtest/node-npmtest-convert-units/node_modules/convert-units/lib/definitions/area.js":{"path":"/home/travis/build/npmtest/node-npmtest-convert-units/node_modules/convert-units/lib/definitions/area.js","s":{"1":1,"2":1,"3":1,"4":1},"b":{},"f":{},"fnMap":{},"statementMap":{"1":{"start":{"line":1,"column":0},"end":{"line":2,"column":13}},"2":{"start":{"line":4,"column":0},"end":{"line":40,"column":2}},"3":{"start":{"line":42,"column":0},"end":{"line":78,"column":2}},"4":{"start":{"line":80,"column":0},"end":{"line":93,"column":2}}},"branchMap":{},"code":["var metric","  , imperial;","","metric = {","  mm2: {","    name: {","      singular: 'Square Millimeter'","    , plural: 'Square Millimeters'","    }","  , to_anchor: 1/1000000","  }",", cm2: {","    name: {","      singular: 'Centimeter'","    , plural: 'Centimeters'","    }","  , to_anchor: 1/10000","  }",", m2: {","    name: {","      singular: 'Square Meter'","    , plural: 'Square Meters'","    }","  , to_anchor: 1","  }",", ha: {","    name: {","      singular: 'Hectare'","    , plural: 'Hectares'","    }","  , to_anchor: 10000","  }",", km2: {","    name: {","      singular: 'Square Kilometer'","    , plural: 'Square Kilometers'","    }","  , to_anchor: 1000000","  }","};","","imperial = {","  'in2': {","    name: {","      singular: 'Square Inch'","    , plural: 'Square Inches'","    }","  , to_anchor: 1/144","  }",", yd2: {","    name: {","      singular: 'Square Yard'","    , plural: 'Square Yards'  ","    }","  , to_anchor: 9","  }",", ft2: {","    name: {","      singular: 'Square Foot'","    , plural: 'Square Feet'","    }","  , to_anchor: 1","  }",", ac: {","    name: {","      singular: 'Acre'","    , plural: 'Acres'","    }","  , to_anchor: 43560","  }",", mi2: {","    name: {","      singular: 'Square Mile'","    , plural: 'Square Miles'","    }","  , to_anchor: 27878400","  }","};","","module.exports = {","  metric: metric",", imperial: imperial",", _anchors: {","    metric: {","      unit: 'm2'","    , ratio: 10.7639","    }","  , imperial: {","      unit: 'ft2'","    , ratio: 1/10.7639","    }","  }","};",""],"l":{"1":1,"4":1,"42":1,"80":1}},"/home/travis/build/npmtest/node-npmtest-convert-units/node_modules/convert-units/lib/definitions/mass.js":{"path":"
[...]
ion'","      , plural: 'Parts-per Billion'","    }","    , to_anchor: .001","  }","  , ppt: {","    name: {","      singular: 'Part-per Trillion'","      , plural: 'Parts-per Trillion'","    }","    , to_anchor: .000001","  }","  , ppq: {","    name: {","      singular: 'Part-per Quadrillion'","      , plural: 'Parts-per Quadrillion'","    }","    , to_anchor: .000000001","  }","};","","module.exports = {","  metric: metric","  , imperial: {}","  , _anchors: {","    metric: {","      unit: 'ppm'","      , ratio: .000001","    }","  }","};",""],"l":{"1":1,"4":1,"35":1}},"/home/travis/build/npmtest/node-npmtest-convert-units/node_modules/convert-units/lib/definitions/speed.js":{"path":"/home/travis/build/npmtest/node-npmtest-convert-units/node_modules/convert-units/lib/definitions/speed.js","s":{"1":1,"2":1,"3":1,"4":1},"b":{},"f":{},"fnMap":{},"statementMap":{"1":{"start":{"line":1,"column":0},"end":{"line":2,"column":13}},"2":{"start":{"line":4,"column":0},"end":{"line":19,"column":1}},"3":{"start":{"line":21,"column":2},"end":{"line":43,"column":2}},"4":{"start":{"line":45,"column":0},"end":{"line":58,"column":2}}},"branchMap":{},"code":["var metric","  , imperial;","","metric = {","  'm/s': {","    name: {","      singular: 'Metre per second'","    , plural: 'Metres per second'","    }","  , to_anchor: 3.6","  }",", 'km/h': {","    name: {","      singular: 'Kilometre per hour'","    , plural: 'Kilometres per hour'","    }","  , to_anchor: 1","  }","}","","  imperial = {","    'm/h': {","      name: {","        singular: 'Mile per hour'","      , plural: 'Miles per hour'","      }","    , to_anchor: 1","    }","  , knot: {","      name: {","        singular: 'Knot'","      , plural: 'Knots'","      }","    , to_anchor: 1.150779","    }","  , 'ft/s': {","      name: {","        singular: 'Foot per second'","      , plural: 'Feet per second'","      }","    , to_anchor: 0.681818","      }","};","","module.exports = {","  metric: metric",", imperial: imperial",", _anchors: {","    metric: {","      unit: 'km/h'","    , ratio: 1/1.609344","    }","  , imperial: {","      unit: 'm/h'","    , ratio: 1.609344","    }","  }","};",""],"l":{"1":1,"4":1,"21":1,"45":1}},"/home/travis/build/npmtest/node-npmtest-convert-units/node_modules/convert-units/lib/definitions/pressure.js":{"path":"/home/travis/build/npmtest/node-npmtest-convert-units/node_modules/convert-units/lib/definitions/pressure.js","s":{"1":1,"2":1,"3":1,"4":1},"b":{},"f":{},"fnMap":{},"statementMap":{"1":{"start":{"line":1,"column":0},"end":{"line":2,"column":13}},"2":{"start":{"line":4,"column":0},"end":{"line":47,"column":2}},"3":{"start":{"line":49,"column":0},"end":{"line":64,"column":2}},"4":{"start":{"line":66,"column":0},"end":{"line":79,"column":2}}},"branchMap":{},"code":["var metric","  , imperial;","","metric = {","  Pa: {","    name: {","      singular: 'pascal'","    , plural: 'pascals'","    }","  , to_anchor: 1/1000","  }",", kPa: {","    name: {","      singular: 'kilopascal'","    , plural: 'kilopascals'","    }","  , to_anchor: 1","  }",", MPa: {","    name: {","      singular: 'megapascal'","    , plural: 'megapascals'","    }","  , to_anchor: 1000","  }",", hPa: {","    name: {","      singular: 'hectopascal'","    , plural: 'hectopascals'","    }","  , to_anchor: 1/10","  }",", bar: {","    name: {","      singular: 'bar'","    , plural: 'bar'","    }","  , to_anchor: 100","  }",", torr: {","    name: {","      singular: 'torr'","    , plural: 'torr'","    }","  , to_anchor: 101325/760000","  }","};","","imperial = {","  psi: {","    name: {","      singular: 'pound per square inch'","    , plural: 'pounds per square inch'","    }","  , to_anchor: 1/1000","  }",", ksi: {","    name: {","      singular: 'kilopound per square inch'","    , plural: 'kilopound per square inch'","    }","  , to_anchor: 1","  }","};","","module.exports = {","  metric: metric",", imperial: imperial",", _anchors: {","    metric: {","      unit: 'kPa'","    , ratio: 0.00014503768078","    }","  , imperial: {","      unit: 'psi'","    , ratio: 1/0.00014503768078","    }","  }","};",""],"l":{"1":1,"4":1,"49":1,"66":1}},"/home/travis/build/npmtest/node-npmtest-convert-units/node_modules/convert-units/lib/definitions/current.js":{"path":"/home/travis/build/npmtest/node-npmtest-convert-units/node_modules/convert-units/lib/definitions/current.js","s":{"1":1,"2":1,"3":1},"b":{},"f":{},"fnMap":{},"statementMap":{"1":{"start":{"line":1,"column":0},"end":{"line":1,"column":12}},"2":{"start":{"line":3,"column":0},"end":{"line":25,"column":2}},"3":{"start":{"line":27,"column":0},"end":{"line":35,"column":2}}},"branchMap":{},"code":["var current;","","current = {","  A: {","    name: {","      singular: 'Ampere'","    , plural: 'Amperes'","    }","  , to_anchor: 1","  }",", mA: {","    name: {","      singular: 'Milliampere'","      , plural: 'Milliamperes'","    }","    , to_anchor: .001","  }",", kA: {","    name: {","      singular: 'Kiloampere'","    , plural: 'Kiloamperes'","    }","  , to_anchor: 1000","  }","};","","module.exports = {","  metric: current",", _anchors: {","    metric: {","      unit: 'A'","    , ratio: 1","    }","  }","};",""],"l":{"1":1,"3":1,"27":1}},"/home/travis/build/npmtest/node-npmtest-convert-units/node_modules/convert-units/lib/definitions/voltage.js":{"path":"/home/travis/build/npmtest/node-npmtest-convert-units/node_modules/convert-units/lib/definitions/voltage.js","s":{"1":1,"2":1,"3":1},"b":{},"f":{},"fnMap":{},"statementMap":{"1":{"start":{"line":1,"column":0},"end":{"line":1,"column":12}},"2":{"start":{"line":3,"column":0},"end":{"line":25,"column":2}},"3":{"start":{"line":27,"column":0},"end":{"line":35,"column":2}}},"branchMap":{},"code":["var voltage;","","voltage = {","  V: {","    name: {","      singular: 'Volt'","    , plural: 'Volts'","    }","  , to_anchor: 1","  }",", mV: {","    name: {","      singular: 'Millivolt'","      , plural: 'Millivolts'","    }","    , to_anchor: .001","  }",", kV: {","    name: {","      singular: 'Kilovolt'","    , plural: 'Kilovolts'","    }","  , to_anchor: 1000","  }","};","","module.exports = {","  metric: voltage",", _anchors: {","    metric: {","      unit: 'V'","    , ratio: 1","    }","  }","};",""],"l":{"1":1,"3":1,"27":1}},"/home/travis/build/npmtest/node-npmtest-convert-units/node_modules/convert-units/lib/definitions/power.js":{"path":"/home/travis/build/npmtest/node-npmtest-convert-units/node_modules/convert-units/lib/definitions/power.js","s":{"1":1,"2":1,"3":1},"b":{},"f":{},"fnMap":{},"statementMap":{"1":{"start":{"line":1,"column":0},"end":{"line":1,"column":10}},"2":{"start":{"line":3,"column":0},"end":{"line":39,"column":2}},"3":{"start":{"line":41,"column":0},"end":{"line":49,"column":2}}},"branchMap":{},"code":["var power;","","power = {","  W: {","    name: {","      singular: 'Watt'","    , plural: 'Watts'","    }","  , to_anchor: 1","  }",", mW: {","    name: {","      singular: 'Milliwatt'","      , plural: 'Milliwatts'","    }","    , to_anchor: .001","  }",", kW: {","    name: {","      singular: 'Kilowatt'","    , plural: 'Kilowatts'","    }","  , to_anchor: 1000","  }",", MW: {","    name: {","      singular: 'Megawatt'","    , plural: 'Megawatts'","    }","  , to_anchor: 1000000","  }",", GW: {","    name: {","      singular: 'Gigawatt'","    , plural: 'Gigawatts'","    }","  , to_anchor: 1000000000","  }","};","","module.exports = {","  metric: power",", _anchors: {","    metric: {","      unit: 'W'","    , ratio: 1","    }","  }","};",""],"l":{"1":1,"3":1,"41":1}},"/home/travis/build/npmtest/node-npmtest-convert-units/node_modules/convert-units/lib/definitions/reactivePower.js":{"path":"/home/travis/build/npmtest/node-npmtest-convert-units/node_modules/convert-units/lib/definitions/reactivePower.js","s":{"1":1,"2":1,"3":1},"b":{},"f":{},"fnMap":{},"statementMap":{"1":{"start":{"line":1,"column":0},"end":{"line":1,"column":18}},"2":{"start":{"line":3,"column":0},"end":{"line":39,"column":2}},"3":{"start":{"line":41,"column":0},"end":{"line":49,"column":2}}},"branchMap":{},"code":["var reactivePower;","","reactivePower = {","  VAR: {","    name: {","      singular: 'Volt-Ampere Reactive'","    , plural: 'Volt-Amperes Reactive'","    }","  , to_anchor: 1","  }",", mVAR: {","    name: {","      singular: 'Millivolt-Ampere Reactive'","      , plural: 'Millivolt-Amperes Reactive'","    }","    , to_anchor: .001","  }",", kVAR: {","    name: {","      singular: 'Kilovolt-Ampere Reactive'","    , plural: 'Kilovolt-Amperes Reactive'","    }","  , to_anchor: 1000","  }",", MVAR: {","    name: {","      singular: 'Megavolt-Ampere Reactive'","    , plural: 'Megavolt-Amperes Reactive'","    }","  , to_anchor: 1000000","  }",", GVAR: {","    name: {","      singular: 'Gigavolt-Ampere Reactive'","    , plural: 'Gigavolt-Amperes Reactive'","    }","  , to_anchor: 1000000000","  }","};","","module.exports = {","  metric: reactivePower",", _anchors: {","    metric: {","      unit: 'VAR'","    , ratio: 1","    }","  }","};",""],"l":{"1":1,"3":1,"41":1}},"/home/travis/build/npmtest/node-npmtest-convert-units/node_modules/convert-units/lib/definitions/apparentPower.js":{"path":"/home/travis/build/npmtest/node-npmtest-convert-units/node_modules/convert-units/lib/definitions/apparentPower.js","s":{"1":1,"2":1,"3":1},"b":{},"f":{},"fnMap":{},"statementMap":{"1":{"start":{"line":1,"column":0},"end":{"line":1,"column":18}},"2":{"start":{"line":3,"column":0},"end":{"line":39,"column":2}},"3":{"start":{"line":41,"column":0},"end":{"line":49,"column":2}}},"branchMap":{},"code":["var apparentPower;","","apparentPower = {","  VA: {","    name: {","      singular: 'Volt-Ampere'","    , plural: 'Volt-Amperes'","    }","  , to_anchor: 1","  }",", mVA: {","    name: {","      singular: 'Millivolt-Ampere'","      , plural: 'Millivolt-Amperes'","    }","    , to_anchor: .001","  }",", kVA: {","    name: {","      singular: 'Kilovolt-Ampere'","    , plural: 'Kilovolt-Amperes'","    }","  , to_anchor: 1000","  }",", MVA: {","    name: {","      singular: 'Megavolt-Ampere'","    , plural: 'Megavolt-Amperes'","    }","  , to_anchor: 1000000","  }",", GVA: {","    name: {","      singular: 'Gigavolt-Ampere'","    , plural: 'Gigavolt-Amperes'","    }","  , to_anchor: 1000000000","  }","};","","module.exports = {","  metric: apparentPower",", _anchors: {","    metric: {","      unit: 'VA'","    , ratio: 1","    }","  }","};",""],"l":{"1":1,"3":1,"41":1}},"/home/travis/build/npmtest/node-npmtest-convert-units/node_modules/convert-units/lib/definitions/energy.js":{"path":"/home/travis/build/npmtest/node-npmtest-convert-units/node_modules/convert-units/lib/definitions/energy.js","s":{"1":1,"2":1,"3":1},"b":{},"f":{},"fnMap":{},"statementMap":{"1":{"start":{"line":1,"column":0},"end":{"line":1,"column":11}},"2":{"start":{"line":3,"column":0},"end":{"line":53,"column":2}},"3":{"start":{"line":55,"column":0},"end":{"line":63,"column":2}}},"branchMap":{},"code":["var energy;","","energy = {","  Wh: {","    name: {","      singular: 'Watt-hour'","    , plural: 'Watt-hours'","    }","  , to_anchor: 3600","  }",", mWh: {","    name: {","      singular: 'Milliwatt-hour'","      , plural: 'Milliwatt-hours'","    }","    , to_anchor: 3.6","  }",", kWh: {","    name: {","      singular: 'Kilowatt-hour'","    , plural: 'Kilowatt-hours'","    }","  , to_anchor: 3600000","  }",", MWh: {","    name: {","      singular: 'Megawatt-hour'","    , plural: 'Megawatt-hours'","    }","  , to_anchor: 3600000000","  }",", GWh: {","    name: {","      singular: 'Gigawatt-hour'","    , plural: 'Gigawatt-hours'","    }","  , to_anchor: 3600000000000","  }",", J: {","    name: {","      singular: 'Joule'","    , plural: 'Joules'","    }","  , to_anchor: 1","  }",", kJ: {","    name: {","      singular: 'Kilojoule'","    , plural: 'Kilojoules'","    }","  , to_anchor: 1000","  }","};","","module.exports = {","  metric: energy",", _anchors: {","    metric: {","      unit: 'J'","    , ratio: 1","    }","  }","};",""],"l":{"1":1,"3":1,"55":1}},"/home/travis/build/npmtest/node-npmtest-convert-units/node_modules/convert-units/lib/definitions/reactiveEnergy.js":{"path":"/home/travis/build/npmtest/node-npmtest-convert-units/node_modules/convert-units/lib/definitions/reactiveEnergy.js","s":{"1":1,"2":1,"3":1},"b":{},"f":{},"fnMap":{},"statementMap":{"1":{"start":{"line":1,"column":0},"end":{"line":1,"column":19}},"2":{"start":{"line":3,"column":0},"end":{"line":39,"column":2}},"3":{"start":{"line":41,"column":0},"end":{"line":49,"column":2}}},"branchMap":{},"code":["var reactiveEnergy;","","reactiveEnergy = {","  VARh: {","    name: {","      singular: 'Volt-Ampere Reactive Hour'","    , plural: 'Volt-Amperes Reactive Hour'","    }","  , to_anchor: 1","  }",", mVARh: {","    name: {","      singular: 'Millivolt-Ampere Reactive Hour'","      , plural: 'Millivolt-Amperes Reactive Hour'","    }","    , to_anchor: .001","  }",", kVARh: {","    name: {","      singular: 'Kilovolt-Ampere Reactive Hour'","    , plural: 'Kilovolt-Amperes Reactive Hour'","    }","  , to_anchor: 1000","  }",", MVARh: {","    name: {","      singular: 'Megavolt-Ampere Reactive Hour'","    , plural: 'Megavolt-Amperes Reactive Hour'","    }","  , to_anchor: 1000000","  }",", GVARh: {","    name: {","      singular: 'Gigavolt-Ampere Reactive Hour'","    , plural: 'Gigavolt-Amperes Reactive Hour'","    }","  , to_anchor: 1000000000","  }","};","","module.exports = {","  metric: reactiveEnergy",", _anchors: {","    metric: {","      unit: 'VARh'","    , ratio: 1","    }","  }","};",""],"l":{"1":1,"3":1,"41":1}},"/home/travis/build/npmtest/node-npmtest-convert-units/node_modules/convert-units/lib/definitions/volumeFlowRate.js":{"path":"/home/travis/build/npmtest/node-npmtest-convert-units/node_modules/convert-units/lib/definitions/volumeFlowRate.js","s":{"1":1,"2":1,"3":1,"4":1},"b":{},"f":{},"fnMap":{},"statementMap":{"1":{"start":{"line":1,"column":0},"end":{"line":2,"column":13}},"2":{"start":{"line":4,"column":0},"end":{"line":110,"column":2}},"3":{"start":{"line":112,"column":0},"end":{"line":267,"column":2}},"4":{"start":{"line":269,"column":0},"end":{"line":282,"column":2}}},"branchMap":{},"code":["var metric","  , imperial;","","metric = {","  'mm3/s': {","      name: {","        singular: 'Cubic Millimeter per second'","      , plural: 'Cubic Millimeters per second'","      }","    , to_anchor: 1/1000000","  }",", 'cm3/s': {","    name: {","      singular: 'Cubic Centimeter per second'","    , plural: 'Cubic Centimeters per second'","    }","  , to_anchor: 1/1000","  }",", 'ml/s': {","    name: {","      singular: 'Millilitre per second'","    , plural: 'Millilitres per second'","    }","  , to_anchor: 1/1000","  }",", 'cl/s': {","    name: {","      singular: 'Centilitre per second'","    , plural: 'Centilitres per second'","    }","  , to_anchor: 1/100","  }",", 'dl/s': {","    name: {","      singular: 'Decilitre per second'","    , plural: 'Decilitres per second'","    }","  , to_anchor: 1/10","  }",", 'l/s': {","    name: {","      singular: 'Litre per second'","    , plural: 'Litres per second'","    }","  , to_anchor: 1","  }",", 'l/min': {","    name: {","      singular: 'Litre per minute'","    , plural: 'Litres per minute'","    }","  , to_anchor: 1/60","  }",", 'l/h': {","    name: {","      singular: 'Litre per hour'","    , plural: 'Litres per hour'","    }","  , to_anchor: 1/3600","  }",", 'kl/s': {","    name: {","      singular: 'Kilolitre per second'","    , plural: 'Kilolitres per second'","    }","  , to_anchor: 1000","  }",", 'kl/min': {","    name: {","      singular: 'Kilolitre per minute'","    , plural: 'Kilolitres per minute'","    }","  , to_anchor: 50/3","  }",", 'kl/h': {","    name: {","      singular: 'Kilolitre per hour'","    , plural: 'Kilolitres per hour'","    }","  , to_anchor: 5/18","  }",", 'm3/s': {","    name: {","      singular: 'Cubic meter per second'","    , plural: 'Cubic meters per second'","    }","  , to_anchor: 1000","  }",", 'm3/min': {","    name: {","      singular: 'Cubic meter per minute'","    , plural: 'Cubic meters per minute'","    }","  , to_anchor: 50/3","  }",", 'm3/h': {","    name: {","      singular: 'Cubic meter per hour'","    , plural: 'Cubic meters per hour'","    }","  , to_anchor: 5/18","  }",", 'km3/s': {","    name: {","      singular: 'Cubic kilometer per second'","    , plural: 'Cubic kilometers per second'","    }","  , to_anchor: 1000000000000","  }","};","","imperial = {","  'tsp/s': {","    name: {","      singular: 'Teaspoon per second'","    , plural: 'Teaspoons per second'","    }","  , to_anchor: 1/6","  }",", 'Tbs/s': {","    name: {","      singular: 'Tablespoon per second'","    , plural: 'Tablespoons per second'","    }","  , to_anchor: 1/2","  }",", 'in3/s': {","    name: {","      singular: 'Cubic inch per second'","    , plural: 'Cubic inches per second'","    }","  , to_anchor: 0.55411","  }",", 'in3/min': {","    name: {","      singular: 'Cubic inch per minute'","    , plural: 'Cubic inches per minute'","    }","  , to_anchor: 0.55411/60","  }",", 'in3/h': {","    name: {","      singular: 'Cubic inch per hour'","    , plural: 'Cubic inches per hour'","    }","  , to_anchor: 0.55411/3600","  }",", 'fl-oz/s': {","    name: {","      singular: 'Fluid Ounce per second'","    , plural: 'Fluid Ounces per second'","    }","  , to_anchor: 1","  }",", 'fl-oz/min': {","    name: {","      singular: 'Fluid Ounce per minute'","    , plural: 'Fluid Ounces per minute'","    }","  , to_anchor: 1/60","  }",", 'fl-oz/h': {","    name: {","      singular: 'Fluid Ounce per hour'","    , plural: 'Fluid Ounces per hour'","    }","  , to_anchor: 1/3600","  }",", 'cup/s': {","    name: {","      singular: 'Cup per second'","    , plural: 'Cups per second'","    }","  , to_anchor: 8","  }",", 'pnt/s': {","    name: {","      singular: 'Pint per second'","    , plural: 'Pints per second'","    }","  , to_anchor: 16","  }",", 'pnt/min': {","    name: {","      singular: 'Pint per minute'","    , plural: 'Pints per minute'","    }","  , to_anchor: 4/15","  }",", 'pnt/h': {","    name: {","      singular: 'Pint per hour'","    , plural: 'Pints per hour'","    }","  , to_anchor: 1/225","  }",", 'qt/s': {","    name: {","      singular: 'Quart per second'","    , plural: 'Quarts per second'","    }","  , to_anchor: 32","  }",", 'gal/s': {","    name: {","      singular: 'Gallon per second'","    , plural: 'Gallons per second'","    }","  , to_anchor: 128","  }",", 'gal/min': {","    name: {","      singular: 'Gallon per minute'","    , plural: 'Gallons per minute'","    }","  , to_anchor: 32/15","  }",", 'gal/h': {","    name: {","      singular: 'Gallon per hour'","    , plural: 'Gallons per hour'","    }","  , to_anchor: 8/225","  }",", 'ft3/s': {","    name: {","      singular: 'Cubic foot per second'","    , plural: 'Cubic feet per second'","    }","  , to_anchor: 957.506","  }",", 'ft3/min': {","    name: {","      singular: 'Cubic foot per minute'","    , plural: 'Cubic feet per minute'","    }","  , to_anchor: 957.506/60","  }",", 'ft3/h': {","    name: {","      singular: 'Cubic foot per hour'","    , plural: 'Cubic feet per hour'","    }","  , to_anchor: 957.506/3600","  }",", 'yd3/s': {","    name: {","      singular: 'Cubic yard per second'","    , plural: 'Cubic yards per second'","    }","  , to_anchor: 25852.7","  }",", 'yd3/min': {","    name: {","      singular: 'Cubic yard per minute'","    , plural: 'Cubic yards per minute'","    }","  , to_anchor: 25852.7/60","  }",", 'yd3/h': {","    name: {","      singular: 'Cubic yard per hour'","    , plural: 'Cubic yards per hour'","    }","  , to_anchor: 25852.7/3600","  }","};","","module.exports = {","  metric: metric",", imperial: imperial",", _anchors: {","    metric: {","      unit: 'l/s'","    , ratio: 33.8140227","    }","  , imperial: {","      unit: 'fl-oz/s'","    , ratio: 1/33.8140227","    }","  }","};",""],"l":{"1":1,"4":1,"112":1,"269":1}}}